2024-11-23 10:07:30 [user-service] info: Starting Backend Server...
2024-11-23 10:07:30 [user-service] info: Starting Receive Image Server...
2024-11-23 10:07:30 [user-service] info: Receive Image Server stdout: Image Receiver running on ws://25.39.138.224:5000

2024-11-23 10:07:31 [user-service] info: Backend Server stdout: Image Receiver running on ws://25.39.138.224:5000

2024-11-23 10:07:31 [user-service] info: Backend Server stdout: 2024-11-23 10:07:31 [user-service] [32minfo[39m: Server running at http://localhost:3001

2024-11-23 10:07:31 [user-service] error: Backend Server stderr: Error starting the server: Error: listen EADDRINUSE: address already in use 25.39.138.224:5000
    at Server.setupListenHandle [as _listen2] (node:net:1907:16)
    at listenInCluster (node:net:1964:12)
    at node:net:2170:7
    at process.processTicksAndRejections (node:internal/process/task_queues:90:21) {
  code: 'EADDRINUSE',
  errno: -4091,
  syscall: 'listen',
  address: '25.39.138.224',
  port: 5000
}

2024-11-23 10:07:31 [user-service] info: Server running at http://localhost:3001
2024-11-23 10:20:32 [user-service] info: Starting Backend Server...
2024-11-23 10:20:32 [user-service] info: Starting Receive Image Server...
2024-11-23 10:20:32 [user-service] info: Receive Image Server stdout: Image Receiver running on ws://25.39.138.224:5000

2024-11-23 10:20:32 [user-service] error: Receive Image Server stderr: Error starting the server: Error: listen EADDRINUSE: address already in use 25.39.138.224:5000
    at Server.setupListenHandle [as _listen2] (node:net:1907:16)
    at listenInCluster (node:net:1964:12)
    at node:net:2170:7
    at process.processTicksAndRejections (node:internal/process/task_queues:90:21) {
  code: 'EADDRINUSE',
  errno: -4091,
  syscall: 'listen',
  address: '25.39.138.224',
  port: 5000
}

2024-11-23 10:20:32 [user-service] info: Receive Image Server exited with code 0
2024-11-23 10:20:32 [user-service] info: Backend Server stdout: Image Receiver running on ws://25.39.138.224:5000

2024-11-23 10:20:32 [user-service] error: Backend Server stderr: node:events:496
      throw er; // Unhandled 'error' event
      ^

Error: listen EADDRINUSE: address already in use :::3001
    at Server.setupListenHandle [as _listen2] (node:net:1907:16)
    at listenInCluster (node:net:1964:12)
    at Server.listen (node:net:2066:7)
    at Object.<anonymous> (C:\Apps\LazyEnder\backend\server.js:71:8)
    at Module._compile (node:internal/modules/cjs/loader:1546:14)
    at Object..js (node:internal/modules/cjs/loader:1689:10)
    at Module.load (node:internal/modules/cjs/loader:1318:32)
    at Function._load (node:internal/modules/cjs/loader:1128:12)
    at TracingChannel.traceSync (node:diagnostics_channel:315:14)
    at wrapModuleLoad (node:internal/modules/cjs/loader:218:24)
Emitted 'error' event on Server instance at:
    at emitErrorNT (node:net:1943:8)
    at process.processTicksAndRejections (node:internal/process/task_queues:90:21) {
  code: 'EADDRINUSE',
  errno: -4091,
  syscall: 'listen',
  address: '::',
  port: 3001
}

Node.js v22.11.0

2024-11-23 10:20:32 [user-service] info: Backend Server exited with code 1
