2024-11-23 12:18:05 [user-service] info: Frontend connected.
2024-11-23 12:18:05 [user-service] info: Backend Server stdout: 2024-11-23 12:18:05 [user-service] [32minfo[39m: Frontend connected.

2024-11-23 12:18:19 [user-service] info: Backend Server stdout: Connected to friend, sending prompt...

2024-11-23 12:18:19 [user-service] info: Backend Server stdout: Connection closed

2024-11-23 12:19:20 [user-service] info: Connected to image sender
2024-11-23 12:19:20 [user-service] info: Receive Image Server stdout: 2024-11-23 12:19:20 [user-service] [32minfo[39m: Connected to image sender

2024-11-23 12:19:20 [user-service] info: Receiving image data...
2024-11-23 12:19:20 [user-service] info: Receive Image Server stdout: 2024-11-23 12:19:20 [user-service] [32minfo[39m: Receiving image data...

2024-11-23 12:19:20 [user-service] info: Receiving image data...
2024-11-23 12:19:20 [user-service] info: Receive Image Server stdout: 2024-11-23 12:19:20 [user-service] [32minfo[39m: Receiving image data...

2024-11-23 12:19:20 [user-service] info: Receiving image data...
2024-11-23 12:19:20 [user-service] info: Receive Image Server stdout: 2024-11-23 12:19:20 [user-service] [32minfo[39m: Receiving image data...

2024-11-23 12:19:20 [user-service] info: Receiving image data...
2024-11-23 12:19:20 [user-service] info: Receive Image Server stdout: 2024-11-23 12:19:20 [user-service] [32minfo[39m: Receiving image data...

2024-11-23 12:19:20 [user-service] info: Receive Image Server stdout: 2024-11-23 12:19:20 [user-service] [32minfo[39m: Receiving image data...
2024-11-23 12:19:20 [user-service] [32minfo[39m: Receiving image data...

2024-11-23 12:19:20 [user-service] info: Receiving image data...
2024-11-23 12:19:20 [user-service] info: Receiving image data...
2024-11-23 12:19:20 [user-service] info: Receiving image data...
2024-11-23 12:19:20 [user-service] info: Receiving image data...
2024-11-23 12:19:20 [user-service] info: Receive Image Server stdout: 2024-11-23 12:19:20 [user-service] [32minfo[39m: Receiving image data...
2024-11-23 12:19:20 [user-service] [32minfo[39m: Receiving image data...

2024-11-23 12:19:20 [user-service] info: Receiving image data...
2024-11-23 12:19:20 [user-service] info: Receive Image Server stdout: 2024-11-23 12:19:20 [user-service] [32minfo[39m: Receiving image data...

2024-11-23 12:19:20 [user-service] info: Receiving image data...
2024-11-23 12:19:20 [user-service] info: Receive Image Server stdout: 2024-11-23 12:19:20 [user-service] [32minfo[39m: Receiving image data...

2024-11-23 12:19:20 [user-service] info: Receiving image data...
2024-11-23 12:19:20 [user-service] info: Receive Image Server stdout: 2024-11-23 12:19:20 [user-service] [32minfo[39m: Receiving image data...

2024-11-23 12:19:20 [user-service] info: Receiving image data...
2024-11-23 12:19:20 [user-service] info: Receive Image Server stdout: 2024-11-23 12:19:20 [user-service] [32minfo[39m: Receiving image data...

2024-11-23 12:19:20 [user-service] info: Receiving image data...
2024-11-23 12:19:20 [user-service] info: Receive Image Server stdout: 2024-11-23 12:19:20 [user-service] [32minfo[39m: Receiving image data...

2024-11-23 12:19:20 [user-service] info: Receiving image data...
2024-11-23 12:19:20 [user-service] info: Receiving image data...
2024-11-23 12:19:20 [user-service] info: Receive Image Server stdout: 2024-11-23 12:19:20 [user-service] [32minfo[39m: Receiving image data...

2024-11-23 12:19:20 [user-service] info: Receive Image Server stdout: 2024-11-23 12:19:20 [user-service] [32minfo[39m: Receiving image data...

2024-11-23 12:19:20 [user-service] info: Receiving image data...
2024-11-23 12:19:20 [user-service] info: Receive Image Server stdout: 2024-11-23 12:19:20 [user-service] [32minfo[39m: Receiving image data...

2024-11-23 12:19:20 [user-service] info: Receiving image data...
2024-11-23 12:19:20 [user-service] info: Receive Image Server stdout: 2024-11-23 12:19:20 [user-service] [32minfo[39m: Receiving image data...

2024-11-23 12:19:20 [user-service] info: Receiving image data...
2024-11-23 12:19:20 [user-service] info: Receive Image Server stdout: 2024-11-23 12:19:20 [user-service] [32minfo[39m: Receiving image data...

2024-11-23 12:19:20 [user-service] info: Receiving image data...
2024-11-23 12:19:20 [user-service] info: Receiving image data...
2024-11-23 12:19:20 [user-service] info: Receive Image Server stdout: 2024-11-23 12:19:20 [user-service] [32minfo[39m: Receiving image data...

2024-11-23 12:19:20 [user-service] info: Receiving image data...
2024-11-23 12:19:20 [user-service] info: Receive Image Server stdout: 2024-11-23 12:19:20 [user-service] [32minfo[39m: Receiving image data...
2024-11-23 12:19:20 [user-service] [32minfo[39m: Receiving image data...

2024-11-23 12:19:20 [user-service] info: Receiving image data...
2024-11-23 12:19:20 [user-service] info: Receiving image data...
2024-11-23 12:19:20 [user-service] info: Receive Image Server stdout: 2024-11-23 12:19:20 [user-service] [32minfo[39m: Receiving image data...
2024-11-23 12:19:20 [user-service] [32minfo[39m: Receiving image data...

2024-11-23 12:19:20 [user-service] info: Receiving image data...
2024-11-23 12:19:20 [user-service] info: Receive Image Server stdout: 2024-11-23 12:19:20 [user-service] [32minfo[39m: Receiving image data...

2024-11-23 12:19:20 [user-service] info: Receiving image data...
2024-11-23 12:19:20 [user-service] info: Receive Image Server stdout: 2024-11-23 12:19:20 [user-service] [32minfo[39m: Receiving image data...

2024-11-23 12:19:20 [user-service] info: Receiving image data...
2024-11-23 12:19:20 [user-service] info: Receive Image Server stdout: 2024-11-23 12:19:20 [user-service] [32minfo[39m: Receiving image data...

2024-11-23 12:19:20 [user-service] info: Receiving image data...
2024-11-23 12:19:20 [user-service] info: Receive Image Server stdout: 2024-11-23 12:19:20 [user-service] [32minfo[39m: Receiving image data...

2024-11-23 12:19:20 [user-service] info: Receiving image data...
2024-11-23 12:19:20 [user-service] info: Receive Image Server stdout: 2024-11-23 12:19:20 [user-service] [32minfo[39m: Receiving image data...

2024-11-23 12:19:20 [user-service] info: Receiving image data...
2024-11-23 12:19:20 [user-service] info: Receive Image Server stdout: 2024-11-23 12:19:20 [user-service] [32minfo[39m: Receiving image data...

2024-11-23 12:19:20 [user-service] info: Receiving image data...
2024-11-23 12:19:20 [user-service] info: Receive Image Server stdout: 2024-11-23 12:19:20 [user-service] [32minfo[39m: Receiving image data...

2024-11-23 12:19:20 [user-service] info: Receiving image data...
2024-11-23 12:19:20 [user-service] info: Receive Image Server stdout: 2024-11-23 12:19:20 [user-service] [32minfo[39m: Receiving image data...

2024-11-23 12:19:20 [user-service] info: Receiving image data...
2024-11-23 12:19:20 [user-service] info: Receive Image Server stdout: 2024-11-23 12:19:20 [user-service] [32minfo[39m: Receiving image data...

2024-11-23 12:19:20 [user-service] info: Receiving image data...
2024-11-23 12:19:20 [user-service] info: Receive Image Server stdout: 2024-11-23 12:19:20 [user-service] [32minfo[39m: Receiving image data...

2024-11-23 12:19:20 [user-service] info: Receive Image Server stdout: 2024-11-23 12:19:20 [user-service] [32minfo[39m: Receiving image data...

2024-11-23 12:19:20 [user-service] info: Receiving image data...
2024-11-23 12:19:20 [user-service] info: Receiving image data...
2024-11-23 12:19:20 [user-service] info: Receive Image Server stdout: 2024-11-23 12:19:20 [user-service] [32minfo[39m: Receiving image data...

2024-11-23 12:19:20 [user-service] info: Receiving image data...
2024-11-23 12:19:20 [user-service] info: Receive Image Server stdout: 2024-11-23 12:19:20 [user-service] [32minfo[39m: Receiving image data...

2024-11-23 12:19:20 [user-service] info: Receiving image data...
2024-11-23 12:19:20 [user-service] info: Receive Image Server stdout: 2024-11-23 12:19:20 [user-service] [32minfo[39m: Receiving image data...

2024-11-23 12:19:20 [user-service] info: Receiving image data...
2024-11-23 12:19:20 [user-service] info: Receive Image Server stdout: 2024-11-23 12:19:20 [user-service] [32minfo[39m: Receiving image data...

2024-11-23 12:19:20 [user-service] info: Receiving image data...
2024-11-23 12:19:20 [user-service] info: Receive Image Server stdout: 2024-11-23 12:19:20 [user-service] [32minfo[39m: Receiving image data...

2024-11-23 12:19:20 [user-service] info: Receiving image data...
2024-11-23 12:19:20 [user-service] info: Receive Image Server stdout: 2024-11-23 12:19:20 [user-service] [32minfo[39m: Receiving image data...

2024-11-23 12:19:20 [user-service] info: Receiving image data...
2024-11-23 12:19:20 [user-service] info: Receive Image Server stdout: 2024-11-23 12:19:20 [user-service] [32minfo[39m: Receiving image data...

2024-11-23 12:19:20 [user-service] info: Receiving image data...
2024-11-23 12:19:20 [user-service] info: Receive Image Server stdout: 2024-11-23 12:19:20 [user-service] [32minfo[39m: Receiving image data...

2024-11-23 12:19:20 [user-service] info: Receiving image data...
2024-11-23 12:19:20 [user-service] info: Receive Image Server stdout: 2024-11-23 12:19:20 [user-service] [32minfo[39m: Receiving image data...

2024-11-23 12:19:20 [user-service] info: Receiving image data...
2024-11-23 12:19:20 [user-service] info: Receive Image Server stdout: 2024-11-23 12:19:20 [user-service] [32minfo[39m: Receiving image data...

2024-11-23 12:19:20 [user-service] info: Receiving image data...
2024-11-23 12:19:20 [user-service] info: Receive Image Server stdout: 2024-11-23 12:19:20 [user-service] [32minfo[39m: Receiving image data...

2024-11-23 12:19:20 [user-service] info: Receiving image data...
2024-11-23 12:19:20 [user-service] info: Receive Image Server stdout: 2024-11-23 12:19:20 [user-service] [32minfo[39m: Receiving image data...

2024-11-23 12:19:20 [user-service] info: Receiving image data...
2024-11-23 12:19:20 [user-service] info: Receive Image Server stdout: 2024-11-23 12:19:20 [user-service] [32minfo[39m: Receiving image data...

2024-11-23 12:19:20 [user-service] info: Receiving image data...
2024-11-23 12:19:20 [user-service] info: Receive Image Server stdout: 2024-11-23 12:19:20 [user-service] [32minfo[39m: Receiving image data...

2024-11-23 12:19:20 [user-service] info: Receiving image data...
2024-11-23 12:19:20 [user-service] info: Receive Image Server stdout: 2024-11-23 12:19:20 [user-service] [32minfo[39m: Receiving image data...

2024-11-23 12:19:20 [user-service] info: Receive Image Server stdout: 2024-11-23 12:19:20 [user-service] [32minfo[39m: Receiving image data...

2024-11-23 12:19:20 [user-service] info: Receiving image data...
2024-11-23 12:19:20 [user-service] info: Receiving image data...
2024-11-23 12:19:20 [user-service] info: Receiving image data...
2024-11-23 12:19:20 [user-service] info: Receive Image Server stdout: 2024-11-23 12:19:20 [user-service] [32minfo[39m: Receiving image data...
2024-11-23 12:19:20 [user-service] [32minfo[39m: Receiving image data...

2024-11-23 12:19:20 [user-service] info: Receiving image data...
2024-11-23 12:19:20 [user-service] info: Receive Image Server stdout: 2024-11-23 12:19:20 [user-service] [32minfo[39m: Receiving image data...

2024-11-23 12:19:20 [user-service] info: Receiving image data...
2024-11-23 12:19:20 [user-service] info: Receiving image data...
2024-11-23 12:19:20 [user-service] info: Receive Image Server stdout: 2024-11-23 12:19:20 [user-service] [32minfo[39m: Receiving image data...

2024-11-23 12:19:20 [user-service] info: Receive Image Server stdout: 2024-11-23 12:19:20 [user-service] [32minfo[39m: Receiving image data...

2024-11-23 12:19:20 [user-service] info: Receiving image data...
2024-11-23 12:19:20 [user-service] info: Receive Image Server stdout: 2024-11-23 12:19:20 [user-service] [32minfo[39m: Receiving image data...

2024-11-23 12:19:20 [user-service] info: Receiving image data...
2024-11-23 12:19:20 [user-service] info: Receive Image Server stdout: 2024-11-23 12:19:20 [user-service] [32minfo[39m: Receiving image data...

2024-11-23 12:19:20 [user-service] info: Receiving image data...
2024-11-23 12:19:20 [user-service] info: Receive Image Server stdout: 2024-11-23 12:19:20 [user-service] [32minfo[39m: Receiving image data...

2024-11-23 12:19:20 [user-service] info: Receiving image data...
2024-11-23 12:19:20 [user-service] info: Receive Image Server stdout: 2024-11-23 12:19:20 [user-service] [32minfo[39m: Receiving image data...

2024-11-23 12:19:20 [user-service] info: Receiving image data...
2024-11-23 12:19:20 [user-service] info: Receive Image Server stdout: 2024-11-23 12:19:20 [user-service] [32minfo[39m: Receiving image data...

2024-11-23 12:19:20 [user-service] info: Receiving image data...
2024-11-23 12:19:20 [user-service] info: Receive Image Server stdout: 2024-11-23 12:19:20 [user-service] [32minfo[39m: Receiving image data...

2024-11-23 12:19:20 [user-service] info: Receiving image data...
2024-11-23 12:19:20 [user-service] info: Receive Image Server stdout: 2024-11-23 12:19:20 [user-service] [32minfo[39m: Receiving image data...

2024-11-23 12:19:20 [user-service] info: Receiving image data...
2024-11-23 12:19:20 [user-service] info: Receive Image Server stdout: 2024-11-23 12:19:20 [user-service] [32minfo[39m: Receiving image data...

2024-11-23 12:19:20 [user-service] info: Receiving image data...
2024-11-23 12:19:20 [user-service] info: Receive Image Server stdout: 2024-11-23 12:19:20 [user-service] [32minfo[39m: Receiving image data...

2024-11-23 12:19:20 [user-service] info: Receiving image data...
2024-11-23 12:19:20 [user-service] info: Receive Image Server stdout: 2024-11-23 12:19:20 [user-service] [32minfo[39m: Receiving image data...

2024-11-23 12:19:20 [user-service] info: Receiving image data...
2024-11-23 12:19:20 [user-service] info: Receive Image Server stdout: 2024-11-23 12:19:20 [user-service] [32minfo[39m: Receiving image data...

2024-11-23 12:19:20 [user-service] info: Receiving image data...
2024-11-23 12:19:20 [user-service] info: Receive Image Server stdout: 2024-11-23 12:19:20 [user-service] [32minfo[39m: Receiving image data...

2024-11-23 12:19:20 [user-service] info: Receiving image data...
2024-11-23 12:19:20 [user-service] info: Receive Image Server stdout: 2024-11-23 12:19:20 [user-service] [32minfo[39m: Receiving image data...

2024-11-23 12:19:20 [user-service] info: Receiving image data...
2024-11-23 12:19:20 [user-service] info: Receive Image Server stdout: 2024-11-23 12:19:20 [user-service] [32minfo[39m: Receiving image data...

2024-11-23 12:19:20 [user-service] info: Receive Image Server stdout: 2024-11-23 12:19:20 [user-service] [32minfo[39m: Receiving image data...

2024-11-23 12:19:20 [user-service] info: Receiving image data...
2024-11-23 12:19:20 [user-service] info: Receiving image data...
2024-11-23 12:19:20 [user-service] info: Receive Image Server stdout: 2024-11-23 12:19:20 [user-service] [32minfo[39m: Receiving image data...

2024-11-23 12:19:20 [user-service] info: Receiving image data...
2024-11-23 12:19:20 [user-service] info: Receive Image Server stdout: 2024-11-23 12:19:20 [user-service] [32minfo[39m: Receiving image data...

2024-11-23 12:19:20 [user-service] info: Receive Image Server stdout: 2024-11-23 12:19:20 [user-service] [32minfo[39m: Receiving image data...

2024-11-23 12:19:20 [user-service] info: Receiving image data...
2024-11-23 12:19:20 [user-service] info: Receiving image data...
2024-11-23 12:19:20 [user-service] info: Receive Image Server stdout: 2024-11-23 12:19:20 [user-service] [32minfo[39m: Receiving image data...

2024-11-23 12:19:20 [user-service] info: Receiving image data...
2024-11-23 12:19:20 [user-service] info: Receive Image Server stdout: 2024-11-23 12:19:20 [user-service] [32minfo[39m: Receiving image data...

2024-11-23 12:19:20 [user-service] info: Receiving image data...
2024-11-23 12:19:20 [user-service] info: Receive Image Server stdout: 2024-11-23 12:19:20 [user-service] [32minfo[39m: Receiving image data...

2024-11-23 12:19:20 [user-service] info: Receiving image data...
2024-11-23 12:19:20 [user-service] info: Receive Image Server stdout: 2024-11-23 12:19:20 [user-service] [32minfo[39m: Receiving image data...

2024-11-23 12:19:20 [user-service] info: Receive Image Server stdout: 2024-11-23 12:19:20 [user-service] [32minfo[39m: Receiving image data...

2024-11-23 12:19:20 [user-service] info: Receive Image Server stdout: 2024-11-23 12:19:20 [user-service] [32minfo[39m: Receiving image data...

2024-11-23 12:19:20 [user-service] info: Receiving image data...
2024-11-23 12:19:20 [user-service] info: Receiving image data...
2024-11-23 12:19:20 [user-service] info: Receiving image data...
2024-11-23 12:19:20 [user-service] info: Receive Image Server stdout: 2024-11-23 12:19:20 [user-service] [32minfo[39m: Receiving image data...
2024-11-23 12:19:20 [user-service] [32minfo[39m: Receiving image data...

2024-11-23 12:19:20 [user-service] info: Receiving image data...
2024-11-23 12:19:20 [user-service] info: Receiving image data...
2024-11-23 12:19:20 [user-service] info: Receive Image Server stdout: 2024-11-23 12:19:20 [user-service] [32minfo[39m: Receiving image data...

2024-11-23 12:19:20 [user-service] info: Receiving image data...
2024-11-23 12:19:20 [user-service] info: Receive Image Server stdout: 2024-11-23 12:19:20 [user-service] [32minfo[39m: Receiving image data...

2024-11-23 12:19:20 [user-service] info: Receiving image data...
2024-11-23 12:19:20 [user-service] info: Receive Image Server stdout: 2024-11-23 12:19:20 [user-service] [32minfo[39m: Receiving image data...

2024-11-23 12:19:20 [user-service] info: Receiving image data...
2024-11-23 12:19:20 [user-service] info: Receive Image Server stdout: 2024-11-23 12:19:20 [user-service] [32minfo[39m: Receiving image data...

2024-11-23 12:19:20 [user-service] info: Receiving image data...
2024-11-23 12:19:20 [user-service] info: Receive Image Server stdout: 2024-11-23 12:19:20 [user-service] [32minfo[39m: Receiving image data...

2024-11-23 12:19:20 [user-service] info: Receiving image data...
2024-11-23 12:19:20 [user-service] info: Receive Image Server stdout: 2024-11-23 12:19:20 [user-service] [32minfo[39m: Receiving image data...

2024-11-23 12:19:20 [user-service] info: Receive Image Server stdout: 2024-11-23 12:19:20 [user-service] [32minfo[39m: Receiving image data...

2024-11-23 12:19:20 [user-service] info: Receiving image data...
2024-11-23 12:19:20 [user-service] info: Receiving image data...
2024-11-23 12:19:20 [user-service] info: Receiving image data...
2024-11-23 12:19:20 [user-service] info: Receive Image Server stdout: 2024-11-23 12:19:20 [user-service] [32minfo[39m: Receiving image data...

2024-11-23 12:19:20 [user-service] info: Receiving image data...
2024-11-23 12:19:20 [user-service] info: Receive Image Server stdout: 2024-11-23 12:19:20 [user-service] [32minfo[39m: Receiving image data...

2024-11-23 12:19:20 [user-service] info: Receive Image Server stdout: 2024-11-23 12:19:20 [user-service] [32minfo[39m: Receiving image data...

2024-11-23 12:19:20 [user-service] info: Receiving image data...
2024-11-23 12:19:20 [user-service] info: Receive Image Server stdout: 2024-11-23 12:19:20 [user-service] [32minfo[39m: Receiving image data...

2024-11-23 12:19:20 [user-service] info: Receiving image data...
2024-11-23 12:19:20 [user-service] info: Receive Image Server stdout: 2024-11-23 12:19:20 [user-service] [32minfo[39m: Receiving image data...

2024-11-23 12:19:20 [user-service] info: Receiving image data...
2024-11-23 12:19:20 [user-service] info: Receive Image Server stdout: 2024-11-23 12:19:20 [user-service] [32minfo[39m: Receiving image data...

2024-11-23 12:19:20 [user-service] info: Receiving image data...
2024-11-23 12:19:20 [user-service] info: Receive Image Server stdout: 2024-11-23 12:19:20 [user-service] [32minfo[39m: Receiving image data...

2024-11-23 12:19:20 [user-service] info: Receiving image data...
2024-11-23 12:19:20 [user-service] info: Receive Image Server stdout: 2024-11-23 12:19:20 [user-service] [32minfo[39m: Receiving image data...

2024-11-23 12:19:20 [user-service] info: Receiving image data...
2024-11-23 12:19:20 [user-service] info: Receive Image Server stdout: 2024-11-23 12:19:20 [user-service] [32minfo[39m: Receiving image data...

2024-11-23 12:19:20 [user-service] info: Receive Image Server stdout: 2024-11-23 12:19:20 [user-service] [32minfo[39m: Receiving image data...

2024-11-23 12:19:20 [user-service] info: Receive Image Server stdout: 2024-11-23 12:19:20 [user-service] [32minfo[39m: Receiving image data...

2024-11-23 12:19:20 [user-service] info: Receiving image data...
2024-11-23 12:19:20 [user-service] info: Receiving image data...
2024-11-23 12:19:20 [user-service] info: Receive Image Server stdout: 2024-11-23 12:19:20 [user-service] [32minfo[39m: Receiving image data...

2024-11-23 12:19:20 [user-service] info: Receiving image data...
2024-11-23 12:19:20 [user-service] info: Receiving image data...
2024-11-23 12:19:20 [user-service] info: Receive Image Server stdout: 2024-11-23 12:19:20 [user-service] [32minfo[39m: Receiving image data...

2024-11-23 12:19:20 [user-service] info: Receiving image data...
2024-11-23 12:19:20 [user-service] info: Receive Image Server stdout: 2024-11-23 12:19:20 [user-service] [32minfo[39m: Receiving image data...

2024-11-23 12:19:20 [user-service] info: Receiving image data...
2024-11-23 12:19:20 [user-service] info: Receive Image Server stdout: 2024-11-23 12:19:20 [user-service] [32minfo[39m: Receiving image data...

2024-11-23 12:19:20 [user-service] info: Receiving image data...
2024-11-23 12:19:20 [user-service] info: Receive Image Server stdout: 2024-11-23 12:19:20 [user-service] [32minfo[39m: Receiving image data...

2024-11-23 12:19:20 [user-service] info: Receive Image Server stdout: 2024-11-23 12:19:20 [user-service] [32minfo[39m: Receiving image data...

2024-11-23 12:19:20 [user-service] info: Receive Image Server stdout: 2024-11-23 12:19:20 [user-service] [32minfo[39m: Receiving image data...

2024-11-23 12:19:20 [user-service] info: Receiving image data...
2024-11-23 12:19:20 [user-service] info: Receiving image data...
2024-11-23 12:19:20 [user-service] info: Receiving image data...
2024-11-23 12:19:20 [user-service] info: Receive Image Server stdout: 2024-11-23 12:19:20 [user-service] [32minfo[39m: Receiving image data...

2024-11-23 12:19:20 [user-service] info: Receive Image Server stdout: 2024-11-23 12:19:20 [user-service] [32minfo[39m: Receiving image data...

2024-11-23 12:19:20 [user-service] info: Receiving image data...
2024-11-23 12:19:20 [user-service] info: Receiving image data...
2024-11-23 12:19:20 [user-service] info: Receive Image Server stdout: 2024-11-23 12:19:20 [user-service] [32minfo[39m: Receiving image data...

2024-11-23 12:19:20 [user-service] info: Receiving image data...
2024-11-23 12:19:20 [user-service] info: Receive Image Server stdout: 2024-11-23 12:19:20 [user-service] [32minfo[39m: Receiving image data...

2024-11-23 12:19:20 [user-service] info: Receiving image data...
2024-11-23 12:19:20 [user-service] info: Receive Image Server stdout: 2024-11-23 12:19:20 [user-service] [32minfo[39m: Receiving image data...

2024-11-23 12:19:20 [user-service] info: Receiving image data...
2024-11-23 12:19:20 [user-service] info: Receive Image Server stdout: 2024-11-23 12:19:20 [user-service] [32minfo[39m: Receiving image data...

2024-11-23 12:19:20 [user-service] info: Receiving image data...
2024-11-23 12:19:20 [user-service] info: Receive Image Server stdout: 2024-11-23 12:19:20 [user-service] [32minfo[39m: Receiving image data...

2024-11-23 12:19:20 [user-service] info: Receiving image data...
2024-11-23 12:19:20 [user-service] info: Receive Image Server stdout: 2024-11-23 12:19:20 [user-service] [32minfo[39m: Receiving image data...

2024-11-23 12:19:20 [user-service] info: Receiving image data...
2024-11-23 12:19:20 [user-service] info: Receiving image data...
2024-11-23 12:19:20 [user-service] info: Receive Image Server stdout: 2024-11-23 12:19:20 [user-service] [32minfo[39m: Receiving image data...

2024-11-23 12:19:20 [user-service] info: Receive Image Server stdout: 2024-11-23 12:19:20 [user-service] [32minfo[39m: Receiving image data...

2024-11-23 12:19:20 [user-service] info: Receiving image data...
2024-11-23 12:19:20 [user-service] info: Receive Image Server stdout: 2024-11-23 12:19:20 [user-service] [32minfo[39m: Receiving image data...

2024-11-23 12:19:20 [user-service] info: Receiving image data...
2024-11-23 12:19:20 [user-service] info: Receive Image Server stdout: 2024-11-23 12:19:20 [user-service] [32minfo[39m: Receiving image data...

2024-11-23 12:19:20 [user-service] info: Receive Image Server stdout: 2024-11-23 12:19:20 [user-service] [32minfo[39m: Receiving image data...

2024-11-23 12:19:20 [user-service] info: Receiving image data...
2024-11-23 12:19:20 [user-service] info: Receiving image data...
2024-11-23 12:19:20 [user-service] info: Receive Image Server stdout: 2024-11-23 12:19:20 [user-service] [32minfo[39m: Receiving image data...

2024-11-23 12:19:20 [user-service] info: Receiving image data...
2024-11-23 12:19:20 [user-service] info: Receive Image Server stdout: 2024-11-23 12:19:20 [user-service] [32minfo[39m: Receiving image data...

2024-11-23 12:19:20 [user-service] info: Receiving image data...
2024-11-23 12:19:20 [user-service] info: Receive Image Server stdout: 2024-11-23 12:19:20 [user-service] [32minfo[39m: Receiving image data...

2024-11-23 12:19:20 [user-service] info: Receive Image Server stdout: 2024-11-23 12:19:20 [user-service] [32minfo[39m: Receiving image data...

2024-11-23 12:19:20 [user-service] info: Receiving image data...
2024-11-23 12:19:20 [user-service] info: Receiving image data...
2024-11-23 12:19:20 [user-service] info: Receive Image Server stdout: 2024-11-23 12:19:20 [user-service] [32minfo[39m: Receiving image data...

2024-11-23 12:19:20 [user-service] info: Receive Image Server stdout: 2024-11-23 12:19:20 [user-service] [32minfo[39m: Receiving image data...

2024-11-23 12:19:20 [user-service] info: Receive Image Server stdout: 2024-11-23 12:19:20 [user-service] [32minfo[39m: Receiving image data...

2024-11-23 12:19:20 [user-service] info: Receive Image Server stdout: 2024-11-23 12:19:20 [user-service] [32minfo[39m: Receiving image data...

2024-11-23 12:19:20 [user-service] info: Receiving image data...
2024-11-23 12:19:20 [user-service] info: Receiving image data...
2024-11-23 12:19:20 [user-service] info: Receiving image data...
2024-11-23 12:19:20 [user-service] info: Receiving image data...
2024-11-23 12:19:20 [user-service] info: Receive Image Server stdout: 2024-11-23 12:19:20 [user-service] [32minfo[39m: Receiving image data...

2024-11-23 12:19:20 [user-service] info: Receiving image data...
2024-11-23 12:19:20 [user-service] info: Receive Image Server stdout: 2024-11-23 12:19:20 [user-service] [32minfo[39m: Receiving image data...

2024-11-23 12:19:20 [user-service] info: Receiving image data...
2024-11-23 12:19:20 [user-service] info: Receive Image Server stdout: 2024-11-23 12:19:20 [user-service] [32minfo[39m: Receiving image data...

2024-11-23 12:19:20 [user-service] info: Receiving image data...
2024-11-23 12:19:20 [user-service] info: Receive Image Server stdout: 2024-11-23 12:19:20 [user-service] [32minfo[39m: Receiving image data...

2024-11-23 12:19:20 [user-service] info: Receive Image Server stdout: 2024-11-23 12:19:20 [user-service] [32minfo[39m: Receiving image data...

2024-11-23 12:19:20 [user-service] info: Receiving image data...
2024-11-23 12:19:20 [user-service] info: Receiving image data...
2024-11-23 12:19:20 [user-service] info: Receive Image Server stdout: 2024-11-23 12:19:20 [user-service] [32minfo[39m: Receiving image data...

2024-11-23 12:19:20 [user-service] info: Receive Image Server stdout: 2024-11-23 12:19:20 [user-service] [32minfo[39m: Receiving image data...

2024-11-23 12:19:20 [user-service] info: Receive Image Server stdout: 2024-11-23 12:19:20 [user-service] [32minfo[39m: Receiving image data...

2024-11-23 12:19:20 [user-service] info: Receive Image Server stdout: 2024-11-23 12:19:20 [user-service] [32minfo[39m: Receiving image data...

2024-11-23 12:19:20 [user-service] info: Receiving image data...
2024-11-23 12:19:20 [user-service] info: Receiving image data...
2024-11-23 12:19:20 [user-service] info: Receiving image data...
2024-11-23 12:19:20 [user-service] info: Receiving image data...
2024-11-23 12:19:20 [user-service] info: Receive Image Server stdout: 2024-11-23 12:19:20 [user-service] [32minfo[39m: Receiving image data...

2024-11-23 12:19:20 [user-service] info: Receiving image data...
2024-11-23 12:19:20 [user-service] info: Receive Image Server stdout: 2024-11-23 12:19:20 [user-service] [32minfo[39m: Receiving image data...

2024-11-23 12:19:20 [user-service] info: Receive Image Server stdout: 2024-11-23 12:19:20 [user-service] [32minfo[39m: Receiving image data...

2024-11-23 12:19:20 [user-service] info: Receive Image Server stdout: 2024-11-23 12:19:20 [user-service] [32minfo[39m: Receiving image data...

2024-11-23 12:19:20 [user-service] info: Receiving image data...
2024-11-23 12:19:20 [user-service] info: Receiving image data...
2024-11-23 12:19:20 [user-service] info: Receiving image data...
2024-11-23 12:19:20 [user-service] info: Receive Image Server stdout: 2024-11-23 12:19:20 [user-service] [32minfo[39m: Receiving image data...

2024-11-23 12:19:20 [user-service] info: Receive Image Server stdout: 2024-11-23 12:19:20 [user-service] [32minfo[39m: Receiving image data...

2024-11-23 12:19:20 [user-service] info: Receive Image Server stdout: 2024-11-23 12:19:20 [user-service] [32minfo[39m: Receiving image data...

2024-11-23 12:19:20 [user-service] info: Receiving image data...
2024-11-23 12:19:20 [user-service] info: Receiving image data...
2024-11-23 12:19:20 [user-service] info: Receiving image data...
2024-11-23 12:19:20 [user-service] info: Receive Image Server stdout: 2024-11-23 12:19:20 [user-service] [32minfo[39m: Receiving image data...

2024-11-23 12:19:20 [user-service] info: Receiving image data...
2024-11-23 12:19:20 [user-service] info: Receive Image Server stdout: 2024-11-23 12:19:20 [user-service] [32minfo[39m: Receiving image data...

2024-11-23 12:19:20 [user-service] info: Receiving image data...
2024-11-23 12:19:20 [user-service] info: Receive Image Server stdout: 2024-11-23 12:19:20 [user-service] [32minfo[39m: Receiving image data...

2024-11-23 12:19:20 [user-service] info: Receive Image Server stdout: 2024-11-23 12:19:20 [user-service] [32minfo[39m: Receiving image data...

2024-11-23 12:19:20 [user-service] info: Receiving image data...
2024-11-23 12:19:20 [user-service] info: Receiving image data...
2024-11-23 12:19:20 [user-service] info: Receive Image Server stdout: 2024-11-23 12:19:20 [user-service] [32minfo[39m: Receiving image data...

2024-11-23 12:19:20 [user-service] info: Receive Image Server stdout: 2024-11-23 12:19:20 [user-service] [32minfo[39m: Receiving image data...

2024-11-23 12:19:20 [user-service] info: Receiving image data...
2024-11-23 12:19:20 [user-service] info: Receiving image data...
2024-11-23 12:19:20 [user-service] info: Receive Image Server stdout: 2024-11-23 12:19:20 [user-service] [32minfo[39m: Receiving image data...

2024-11-23 12:19:20 [user-service] info: Receive Image Server stdout: 2024-11-23 12:19:20 [user-service] [32minfo[39m: Receiving image data...

2024-11-23 12:19:20 [user-service] info: Receiving image data...
2024-11-23 12:19:20 [user-service] info: Receiving image data...
2024-11-23 12:19:20 [user-service] info: Receive Image Server stdout: 2024-11-23 12:19:20 [user-service] [32minfo[39m: Receiving image data...

2024-11-23 12:19:20 [user-service] info: Receive Image Server stdout: 2024-11-23 12:19:20 [user-service] [32minfo[39m: Receiving image data...

2024-11-23 12:19:20 [user-service] info: Receiving image data...
2024-11-23 12:19:20 [user-service] info: Receiving image data...
2024-11-23 12:19:20 [user-service] info: Receive Image Server stdout: 2024-11-23 12:19:20 [user-service] [32minfo[39m: Receiving image data...

2024-11-23 12:19:20 [user-service] info: Receive Image Server stdout: 2024-11-23 12:19:20 [user-service] [32minfo[39m: Receiving image data...

2024-11-23 12:19:20 [user-service] info: Receive Image Server stdout: 2024-11-23 12:19:20 [user-service] [32minfo[39m: Receiving image data...

2024-11-23 12:19:20 [user-service] info: Receiving image data...
2024-11-23 12:19:20 [user-service] info: Receiving image data...
2024-11-23 12:19:20 [user-service] info: Receiving image data...
2024-11-23 12:19:20 [user-service] info: Receive Image Server stdout: 2024-11-23 12:19:20 [user-service] [32minfo[39m: Receiving image data...

2024-11-23 12:19:20 [user-service] info: Receive Image Server stdout: 2024-11-23 12:19:20 [user-service] [32minfo[39m: Receiving image data...

2024-11-23 12:19:20 [user-service] info: Receiving image data...
2024-11-23 12:19:20 [user-service] info: Receiving image data...
2024-11-23 12:19:20 [user-service] info: Receive Image Server stdout: 2024-11-23 12:19:20 [user-service] [32minfo[39m: Receiving image data...

2024-11-23 12:19:20 [user-service] info: Receive Image Server stdout: 2024-11-23 12:19:20 [user-service] [32minfo[39m: Receiving image data...

2024-11-23 12:19:20 [user-service] info: Receiving image data...
2024-11-23 12:19:20 [user-service] info: Receiving image data...
2024-11-23 12:19:20 [user-service] info: Receive Image Server stdout: 2024-11-23 12:19:20 [user-service] [32minfo[39m: Receiving image data...

2024-11-23 12:19:20 [user-service] info: Receive Image Server stdout: 2024-11-23 12:19:20 [user-service] [32minfo[39m: Receiving image data...

2024-11-23 12:19:20 [user-service] info: Receive Image Server stdout: 2024-11-23 12:19:20 [user-service] [32minfo[39m: Receiving image data...

2024-11-23 12:19:20 [user-service] info: Receiving image data...
2024-11-23 12:19:20 [user-service] info: Receiving image data...
2024-11-23 12:19:20 [user-service] info: Receiving image data...
2024-11-23 12:19:20 [user-service] info: Receive Image Server stdout: 2024-11-23 12:19:20 [user-service] [32minfo[39m: Receiving image data...

2024-11-23 12:19:20 [user-service] info: Receive Image Server stdout: 2024-11-23 12:19:20 [user-service] [32minfo[39m: Receiving image data...

2024-11-23 12:19:20 [user-service] info: Receive Image Server stdout: 2024-11-23 12:19:20 [user-service] [32minfo[39m: Receiving image data...

2024-11-23 12:19:20 [user-service] info: Receiving image data...
2024-11-23 12:19:20 [user-service] info: Receiving image data...
2024-11-23 12:19:20 [user-service] info: Receiving image data...
2024-11-23 12:19:20 [user-service] info: Receive Image Server stdout: 2024-11-23 12:19:20 [user-service] [32minfo[39m: Receiving image data...

2024-11-23 12:19:20 [user-service] info: Receiving image data...
2024-11-23 12:19:20 [user-service] info: Receive Image Server stdout: 2024-11-23 12:19:20 [user-service] [32minfo[39m: Receiving image data...

2024-11-23 12:19:20 [user-service] info: Receive Image Server stdout: 2024-11-23 12:19:20 [user-service] [32minfo[39m: Receiving image data...

2024-11-23 12:19:20 [user-service] info: Receiving image data...
2024-11-23 12:19:20 [user-service] info: Receiving image data...
2024-11-23 12:19:20 [user-service] info: Receive Image Server stdout: 2024-11-23 12:19:20 [user-service] [32minfo[39m: Receiving image data...

2024-11-23 12:19:20 [user-service] info: Receive Image Server stdout: 2024-11-23 12:19:20 [user-service] [32minfo[39m: Receiving image data...

2024-11-23 12:19:20 [user-service] info: Receiving image data...
2024-11-23 12:19:20 [user-service] info: Receiving image data...
2024-11-23 12:19:20 [user-service] info: Receive Image Server stdout: 2024-11-23 12:19:20 [user-service] [32minfo[39m: Receiving image data...

2024-11-23 12:19:20 [user-service] info: Receive Image Server stdout: 2024-11-23 12:19:20 [user-service] [32minfo[39m: Receiving image data...

2024-11-23 12:19:20 [user-service] info: Receive Image Server stdout: 2024-11-23 12:19:20 [user-service] [32minfo[39m: Receiving image data...

2024-11-23 12:19:20 [user-service] info: Receive Image Server stdout: 2024-11-23 12:19:20 [user-service] [32minfo[39m: Image data received completely

2024-11-23 12:19:20 [user-service] info: Receiving image data...
2024-11-23 12:19:20 [user-service] info: Receiving image data...
2024-11-23 12:19:20 [user-service] info: Image data received completely
2024-11-23 12:19:20 [user-service] info: Image sender disconnected
2024-11-23 12:19:20 [user-service] info: Receive Image Server stdout: 2024-11-23 12:19:20 [user-service] [32minfo[39m: Image sender disconnected

2024-11-23 12:19:20 [user-service] info: Image saved to C:\Apps\LazyEnder\images\received_image_b338e79b-0523-4751-b7a3-1feec97538d6.jpg (Binary)
2024-11-23 12:19:20 [user-service] info: Receive Image Server stdout: 2024-11-23 12:19:20 [user-service] [32minfo[39m: Image saved to C:\Apps\LazyEnder\images\received_image_b338e79b-0523-4751-b7a3-1feec97538d6.jpg (Binary)

2024-11-23 12:19:37 [user-service] info: Closing servers...
2024-11-23 12:19:37 [user-service] info: Received SIGINT. Closing server...
2024-11-23 12:19:37 [user-service] info: Frontend disconnected.
2024-11-23 12:19:37 [user-service] info: Attempting to kill undefined (PID: 3144)...
2024-11-23 12:19:37 [user-service] info: Backend Server stdout: 2024-11-23 12:19:37 [user-service] [32minfo[39m: Received SIGINT. Closing server...
2024-11-23 12:19:37 [user-service] [32minfo[39m: Frontend disconnected.

2024-11-23 12:19:37 [user-service] info: Receive Image Server exited with code 3221225786
2024-11-23 12:19:37 [user-service] info: undefined successfully terminated.
2024-11-23 12:20:23 [user-service] info: Starting Backend Server...
2024-11-23 12:20:23 [user-service] info: Starting Receive Image Server...
2024-11-23 12:20:23 [user-service] info: Receive Image Server stdout: 2024-11-23 12:20:23 [user-service] [32minfo[39m: Image Receiver running on 25.39.138.224:5001

2024-11-23 12:20:23 [user-service] info: Image Receiver running on 25.39.138.224:5001
2024-11-23 12:20:23 [user-service] info: Backend Server stdout: 2024-11-23 12:20:23 [user-service] [32minfo[39m: Server running at http://localhost:3002

2024-11-23 12:20:23 [user-service] info: Server running at http://localhost:3002
2024-11-23 12:20:24 [user-service] info: Frontend connected.
2024-11-23 12:20:24 [user-service] info: Backend Server stdout: 2024-11-23 12:20:24 [user-service] [32minfo[39m: Frontend connected.

2024-11-23 12:20:29 [user-service] info: Frontend connected.
2024-11-23 12:20:29 [user-service] info: Backend Server stdout: 2024-11-23 12:20:29 [user-service] [32minfo[39m: Frontend connected.

2024-11-23 12:21:57 [user-service] info: Frontend disconnected.
2024-11-23 12:21:57 [user-service] info: Backend Server stdout: 2024-11-23 12:21:57 [user-service] [32minfo[39m: Frontend disconnected.

2024-11-23 12:21:57 [user-service] info: Frontend connected.
2024-11-23 12:21:57 [user-service] info: Backend Server stdout: 2024-11-23 12:21:57 [user-service] [32minfo[39m: Frontend connected.

2024-11-23 12:22:51 [user-service] info: Backend Server stdout: Connected to friend, sending prompt...

2024-11-23 12:22:51 [user-service] info: Backend Server stdout: Connection closed

2024-11-23 12:23:52 [user-service] info: Connected to image sender
2024-11-23 12:23:52 [user-service] info: Receive Image Server stdout: 2024-11-23 12:23:52 [user-service] [32minfo[39m: Connected to image sender

2024-11-23 12:23:52 [user-service] info: Receiving image data...
2024-11-23 12:23:52 [user-service] info: Receive Image Server stdout: 2024-11-23 12:23:52 [user-service] [32minfo[39m: Receiving image data...

2024-11-23 12:23:52 [user-service] info: Receive Image Server stdout: 2024-11-23 12:23:52 [user-service] [32minfo[39m: Receiving image data...

2024-11-23 12:23:52 [user-service] info: Receiving image data...
2024-11-23 12:23:52 [user-service] info: Receiving image data...
2024-11-23 12:23:52 [user-service] info: Receive Image Server stdout: 2024-11-23 12:23:52 [user-service] [32minfo[39m: Receiving image data...

2024-11-23 12:23:52 [user-service] info: Receive Image Server stdout: 2024-11-23 12:23:52 [user-service] [32minfo[39m: Receiving image data...

2024-11-23 12:23:52 [user-service] info: Receiving image data...
2024-11-23 12:23:52 [user-service] info: Receiving image data...
2024-11-23 12:23:52 [user-service] info: Receive Image Server stdout: 2024-11-23 12:23:52 [user-service] [32minfo[39m: Receiving image data...

2024-11-23 12:23:52 [user-service] info: Receive Image Server stdout: 2024-11-23 12:23:52 [user-service] [32minfo[39m: Receiving image data...

2024-11-23 12:23:52 [user-service] info: Receiving image data...
2024-11-23 12:23:52 [user-service] info: Receiving image data...
2024-11-23 12:23:52 [user-service] info: Receive Image Server stdout: 2024-11-23 12:23:52 [user-service] [32minfo[39m: Receiving image data...

2024-11-23 12:23:52 [user-service] info: Receive Image Server stdout: 2024-11-23 12:23:52 [user-service] [32minfo[39m: Receiving image data...

2024-11-23 12:23:52 [user-service] info: Receive Image Server stdout: 2024-11-23 12:23:52 [user-service] [32minfo[39m: Receiving image data...

2024-11-23 12:23:52 [user-service] info: Receiving image data...
2024-11-23 12:23:52 [user-service] info: Receiving image data...
2024-11-23 12:23:52 [user-service] info: Receiving image data...
2024-11-23 12:23:52 [user-service] info: Receive Image Server stdout: 2024-11-23 12:23:52 [user-service] [32minfo[39m: Receiving image data...

2024-11-23 12:23:52 [user-service] info: Receiving image data...
2024-11-23 12:23:52 [user-service] info: Receive Image Server stdout: 2024-11-23 12:23:52 [user-service] [32minfo[39m: Receiving image data...

2024-11-23 12:23:52 [user-service] info: Receiving image data...
2024-11-23 12:23:52 [user-service] info: Receive Image Server stdout: 2024-11-23 12:23:52 [user-service] [32minfo[39m: Receiving image data...

2024-11-23 12:23:52 [user-service] info: Receiving image data...
2024-11-23 12:23:52 [user-service] info: Receive Image Server stdout: 2024-11-23 12:23:52 [user-service] [32minfo[39m: Receiving image data...

2024-11-23 12:23:52 [user-service] info: Receiving image data...
2024-11-23 12:23:52 [user-service] info: Receiving image data...
2024-11-23 12:23:52 [user-service] info: Receive Image Server stdout: 2024-11-23 12:23:52 [user-service] [32minfo[39m: Receiving image data...
2024-11-23 12:23:52 [user-service] [32minfo[39m: Receiving image data...

2024-11-23 12:23:52 [user-service] info: Receiving image data...
2024-11-23 12:23:52 [user-service] info: Receive Image Server stdout: 2024-11-23 12:23:52 [user-service] [32minfo[39m: Receiving image data...

2024-11-23 12:23:52 [user-service] info: Receiving image data...
2024-11-23 12:23:52 [user-service] info: Receive Image Server stdout: 2024-11-23 12:23:52 [user-service] [32minfo[39m: Receiving image data...

2024-11-23 12:23:52 [user-service] info: Receiving image data...
2024-11-23 12:23:52 [user-service] info: Receive Image Server stdout: 2024-11-23 12:23:52 [user-service] [32minfo[39m: Receiving image data...

2024-11-23 12:23:52 [user-service] info: Receiving image data...
2024-11-23 12:23:52 [user-service] info: Receive Image Server stdout: 2024-11-23 12:23:52 [user-service] [32minfo[39m: Receiving image data...

2024-11-23 12:23:52 [user-service] info: Receiving image data...
2024-11-23 12:23:52 [user-service] info: Receive Image Server stdout: 2024-11-23 12:23:52 [user-service] [32minfo[39m: Receiving image data...

2024-11-23 12:23:52 [user-service] info: Receiving image data...
2024-11-23 12:23:52 [user-service] info: Receive Image Server stdout: 2024-11-23 12:23:52 [user-service] [32minfo[39m: Receiving image data...

2024-11-23 12:23:52 [user-service] info: Receiving image data...
2024-11-23 12:23:52 [user-service] info: Receive Image Server stdout: 2024-11-23 12:23:52 [user-service] [32minfo[39m: Receiving image data...

2024-11-23 12:23:52 [user-service] info: Receiving image data...
2024-11-23 12:23:52 [user-service] info: Receiving image data...
2024-11-23 12:23:52 [user-service] info: Receive Image Server stdout: 2024-11-23 12:23:52 [user-service] [32minfo[39m: Receiving image data...
2024-11-23 12:23:52 [user-service] [32minfo[39m: Receiving image data...

2024-11-23 12:23:52 [user-service] info: Receiving image data...
2024-11-23 12:23:52 [user-service] info: Receive Image Server stdout: 2024-11-23 12:23:52 [user-service] [32minfo[39m: Receiving image data...
2024-11-23 12:23:52 [user-service] [32minfo[39m: Receiving image data...

2024-11-23 12:23:52 [user-service] info: Receiving image data...
2024-11-23 12:23:52 [user-service] info: Receiving image data...
2024-11-23 12:23:52 [user-service] info: Receive Image Server stdout: 2024-11-23 12:23:52 [user-service] [32minfo[39m: Receiving image data...

2024-11-23 12:23:52 [user-service] info: Receiving image data...
2024-11-23 12:23:52 [user-service] info: Receive Image Server stdout: 2024-11-23 12:23:52 [user-service] [32minfo[39m: Receiving image data...

2024-11-23 12:23:52 [user-service] info: Receiving image data...
2024-11-23 12:23:52 [user-service] info: Receive Image Server stdout: 2024-11-23 12:23:52 [user-service] [32minfo[39m: Receiving image data...

2024-11-23 12:23:52 [user-service] info: Receiving image data...
2024-11-23 12:23:52 [user-service] info: Receive Image Server stdout: 2024-11-23 12:23:52 [user-service] [32minfo[39m: Receiving image data...

2024-11-23 12:23:52 [user-service] info: Receiving image data...
2024-11-23 12:23:52 [user-service] info: Receiving image data...
2024-11-23 12:23:52 [user-service] info: Receive Image Server stdout: 2024-11-23 12:23:52 [user-service] [32minfo[39m: Receiving image data...

2024-11-23 12:23:52 [user-service] info: Receive Image Server stdout: 2024-11-23 12:23:52 [user-service] [32minfo[39m: Receiving image data...

2024-11-23 12:23:52 [user-service] info: Receiving image data...
2024-11-23 12:23:52 [user-service] info: Receive Image Server stdout: 2024-11-23 12:23:52 [user-service] [32minfo[39m: Receiving image data...

2024-11-23 12:23:52 [user-service] info: Receiving image data...
2024-11-23 12:23:52 [user-service] info: Receive Image Server stdout: 2024-11-23 12:23:52 [user-service] [32minfo[39m: Receiving image data...

2024-11-23 12:23:52 [user-service] info: Receiving image data...
2024-11-23 12:23:52 [user-service] info: Receive Image Server stdout: 2024-11-23 12:23:52 [user-service] [32minfo[39m: Receiving image data...

2024-11-23 12:23:52 [user-service] info: Receiving image data...
2024-11-23 12:23:52 [user-service] info: Receiving image data...
2024-11-23 12:23:52 [user-service] info: Receive Image Server stdout: 2024-11-23 12:23:52 [user-service] [32minfo[39m: Receiving image data...
2024-11-23 12:23:52 [user-service] [32minfo[39m: Receiving image data...

2024-11-23 12:23:52 [user-service] info: Receiving image data...
2024-11-23 12:23:52 [user-service] info: Receive Image Server stdout: 2024-11-23 12:23:52 [user-service] [32minfo[39m: Receiving image data...

2024-11-23 12:23:52 [user-service] info: Receiving image data...
2024-11-23 12:23:52 [user-service] info: Receive Image Server stdout: 2024-11-23 12:23:52 [user-service] [32minfo[39m: Receiving image data...

2024-11-23 12:23:52 [user-service] info: Receiving image data...
2024-11-23 12:23:52 [user-service] info: Receive Image Server stdout: 2024-11-23 12:23:52 [user-service] [32minfo[39m: Receiving image data...

2024-11-23 12:23:52 [user-service] info: Receiving image data...
2024-11-23 12:23:52 [user-service] info: Receive Image Server stdout: 2024-11-23 12:23:52 [user-service] [32minfo[39m: Receiving image data...

2024-11-23 12:23:52 [user-service] info: Receiving image data...
2024-11-23 12:23:52 [user-service] info: Receiving image data...
2024-11-23 12:23:52 [user-service] info: Receive Image Server stdout: 2024-11-23 12:23:52 [user-service] [32minfo[39m: Receiving image data...
2024-11-23 12:23:52 [user-service] [32minfo[39m: Receiving image data...

2024-11-23 12:23:52 [user-service] info: Receiving image data...
2024-11-23 12:23:52 [user-service] info: Receiving image data...
2024-11-23 12:23:52 [user-service] info: Receive Image Server stdout: 2024-11-23 12:23:52 [user-service] [32minfo[39m: Receiving image data...

2024-11-23 12:23:52 [user-service] info: Receiving image data...
2024-11-23 12:23:52 [user-service] info: Receive Image Server stdout: 2024-11-23 12:23:52 [user-service] [32minfo[39m: Receiving image data...
2024-11-23 12:23:52 [user-service] [32minfo[39m: Receiving image data...

2024-11-23 12:23:52 [user-service] info: Receiving image data...
2024-11-23 12:23:52 [user-service] info: Receive Image Server stdout: 2024-11-23 12:23:52 [user-service] [32minfo[39m: Receiving image data...

2024-11-23 12:23:52 [user-service] info: Receiving image data...
2024-11-23 12:23:52 [user-service] info: Receive Image Server stdout: 2024-11-23 12:23:52 [user-service] [32minfo[39m: Receiving image data...

2024-11-23 12:23:52 [user-service] info: Receiving image data...
2024-11-23 12:23:52 [user-service] info: Receive Image Server stdout: 2024-11-23 12:23:52 [user-service] [32minfo[39m: Receiving image data...

2024-11-23 12:23:52 [user-service] info: Receiving image data...
2024-11-23 12:23:52 [user-service] info: Receive Image Server stdout: 2024-11-23 12:23:52 [user-service] [32minfo[39m: Receiving image data...

2024-11-23 12:23:52 [user-service] info: Receiving image data...
2024-11-23 12:23:52 [user-service] info: Receive Image Server stdout: 2024-11-23 12:23:52 [user-service] [32minfo[39m: Receiving image data...

2024-11-23 12:23:52 [user-service] info: Receiving image data...
2024-11-23 12:23:52 [user-service] info: Receive Image Server stdout: 2024-11-23 12:23:52 [user-service] [32minfo[39m: Receiving image data...

2024-11-23 12:23:52 [user-service] info: Receiving image data...
2024-11-23 12:23:52 [user-service] info: Receive Image Server stdout: 2024-11-23 12:23:52 [user-service] [32minfo[39m: Receiving image data...

2024-11-23 12:23:52 [user-service] info: Receiving image data...
2024-11-23 12:23:52 [user-service] info: Receive Image Server stdout: 2024-11-23 12:23:52 [user-service] [32minfo[39m: Receiving image data...

2024-11-23 12:23:52 [user-service] info: Receive Image Server stdout: 2024-11-23 12:23:52 [user-service] [32minfo[39m: Receiving image data...

2024-11-23 12:23:52 [user-service] info: Receiving image data...
2024-11-23 12:23:52 [user-service] info: Receiving image data...
2024-11-23 12:23:52 [user-service] info: Receive Image Server stdout: 2024-11-23 12:23:52 [user-service] [32minfo[39m: Receiving image data...

2024-11-23 12:23:52 [user-service] info: Receiving image data...
2024-11-23 12:23:52 [user-service] info: Receive Image Server stdout: 2024-11-23 12:23:52 [user-service] [32minfo[39m: Receiving image data...

2024-11-23 12:23:52 [user-service] info: Receiving image data...
2024-11-23 12:23:52 [user-service] info: Receive Image Server stdout: 2024-11-23 12:23:52 [user-service] [32minfo[39m: Receiving image data...

2024-11-23 12:23:52 [user-service] info: Receiving image data...
2024-11-23 12:23:52 [user-service] info: Receive Image Server stdout: 2024-11-23 12:23:52 [user-service] [32minfo[39m: Receiving image data...

2024-11-23 12:23:52 [user-service] info: Receiving image data...
2024-11-23 12:23:52 [user-service] info: Receive Image Server stdout: 2024-11-23 12:23:52 [user-service] [32minfo[39m: Receiving image data...

2024-11-23 12:23:52 [user-service] info: Receiving image data...
2024-11-23 12:23:52 [user-service] info: Receive Image Server stdout: 2024-11-23 12:23:52 [user-service] [32minfo[39m: Receiving image data...

2024-11-23 12:23:52 [user-service] info: Receiving image data...
2024-11-23 12:23:52 [user-service] info: Receive Image Server stdout: 2024-11-23 12:23:52 [user-service] [32minfo[39m: Receiving image data...

2024-11-23 12:23:52 [user-service] info: Receiving image data...
2024-11-23 12:23:52 [user-service] info: Receive Image Server stdout: 2024-11-23 12:23:52 [user-service] [32minfo[39m: Receiving image data...

2024-11-23 12:23:52 [user-service] info: Receiving image data...
2024-11-23 12:23:52 [user-service] info: Receive Image Server stdout: 2024-11-23 12:23:52 [user-service] [32minfo[39m: Receiving image data...

2024-11-23 12:23:52 [user-service] info: Receiving image data...
2024-11-23 12:23:52 [user-service] info: Receive Image Server stdout: 2024-11-23 12:23:52 [user-service] [32minfo[39m: Receiving image data...

2024-11-23 12:23:52 [user-service] info: Receiving image data...
2024-11-23 12:23:52 [user-service] info: Receive Image Server stdout: 2024-11-23 12:23:52 [user-service] [32minfo[39m: Receiving image data...

2024-11-23 12:23:52 [user-service] info: Receiving image data...
2024-11-23 12:23:52 [user-service] info: Receive Image Server stdout: 2024-11-23 12:23:52 [user-service] [32minfo[39m: Receiving image data...

2024-11-23 12:23:52 [user-service] info: Receiving image data...
2024-11-23 12:23:52 [user-service] info: Receive Image Server stdout: 2024-11-23 12:23:52 [user-service] [32minfo[39m: Receiving image data...

2024-11-23 12:23:52 [user-service] info: Receive Image Server stdout: 2024-11-23 12:23:52 [user-service] [32minfo[39m: Receiving image data...

2024-11-23 12:23:52 [user-service] info: Receiving image data...
2024-11-23 12:23:52 [user-service] info: Receiving image data...
2024-11-23 12:23:52 [user-service] info: Receive Image Server stdout: 2024-11-23 12:23:52 [user-service] [32minfo[39m: Receiving image data...

2024-11-23 12:23:52 [user-service] info: Receiving image data...
2024-11-23 12:23:52 [user-service] info: Receive Image Server stdout: 2024-11-23 12:23:52 [user-service] [32minfo[39m: Receiving image data...

2024-11-23 12:23:52 [user-service] info: Receiving image data...
2024-11-23 12:23:52 [user-service] info: Receive Image Server stdout: 2024-11-23 12:23:52 [user-service] [32minfo[39m: Receiving image data...

2024-11-23 12:23:52 [user-service] info: Receiving image data...
2024-11-23 12:23:52 [user-service] info: Receive Image Server stdout: 2024-11-23 12:23:52 [user-service] [32minfo[39m: Receiving image data...

2024-11-23 12:23:52 [user-service] info: Receiving image data...
2024-11-23 12:23:52 [user-service] info: Receive Image Server stdout: 2024-11-23 12:23:52 [user-service] [32minfo[39m: Receiving image data...

2024-11-23 12:23:52 [user-service] info: Receiving image data...
2024-11-23 12:23:52 [user-service] info: Receive Image Server stdout: 2024-11-23 12:23:52 [user-service] [32minfo[39m: Receiving image data...

2024-11-23 12:23:52 [user-service] info: Receiving image data...
2024-11-23 12:23:52 [user-service] info: Receive Image Server stdout: 2024-11-23 12:23:52 [user-service] [32minfo[39m: Receiving image data...

2024-11-23 12:23:52 [user-service] info: Receiving image data...
2024-11-23 12:23:52 [user-service] info: Receive Image Server stdout: 2024-11-23 12:23:52 [user-service] [32minfo[39m: Receiving image data...

2024-11-23 12:23:52 [user-service] info: Receive Image Server stdout: 2024-11-23 12:23:52 [user-service] [32minfo[39m: Receiving image data...

2024-11-23 12:23:52 [user-service] info: Receive Image Server stdout: 2024-11-23 12:23:52 [user-service] [32minfo[39m: Receiving image data...
2024-11-23 12:23:52 [user-service] [32minfo[39m: Receiving image data...

2024-11-23 12:23:52 [user-service] info: Receiving image data...
2024-11-23 12:23:52 [user-service] info: Receiving image data...
2024-11-23 12:23:52 [user-service] info: Receiving image data...
2024-11-23 12:23:52 [user-service] info: Receiving image data...
2024-11-23 12:23:52 [user-service] info: Receive Image Server stdout: 2024-11-23 12:23:52 [user-service] [32minfo[39m: Receiving image data...

2024-11-23 12:23:52 [user-service] info: Receiving image data...
2024-11-23 12:23:52 [user-service] info: Receive Image Server stdout: 2024-11-23 12:23:52 [user-service] [32minfo[39m: Receiving image data...

2024-11-23 12:23:52 [user-service] info: Receive Image Server stdout: 2024-11-23 12:23:52 [user-service] [32minfo[39m: Receiving image data...

2024-11-23 12:23:52 [user-service] info: Receiving image data...
2024-11-23 12:23:52 [user-service] info: Receiving image data...
2024-11-23 12:23:52 [user-service] info: Receive Image Server stdout: 2024-11-23 12:23:52 [user-service] [32minfo[39m: Receiving image data...

2024-11-23 12:23:52 [user-service] info: Receiving image data...
2024-11-23 12:23:52 [user-service] info: Receive Image Server stdout: 2024-11-23 12:23:52 [user-service] [32minfo[39m: Receiving image data...

2024-11-23 12:23:52 [user-service] info: Receiving image data...
2024-11-23 12:23:52 [user-service] info: Receive Image Server stdout: 2024-11-23 12:23:52 [user-service] [32minfo[39m: Receiving image data...

2024-11-23 12:23:52 [user-service] info: Receiving image data...
2024-11-23 12:23:52 [user-service] info: Receive Image Server stdout: 2024-11-23 12:23:52 [user-service] [32minfo[39m: Receiving image data...

2024-11-23 12:23:52 [user-service] info: Receiving image data...
2024-11-23 12:23:52 [user-service] info: Receive Image Server stdout: 2024-11-23 12:23:52 [user-service] [32minfo[39m: Receiving image data...

2024-11-23 12:23:52 [user-service] info: Receiving image data...
2024-11-23 12:23:52 [user-service] info: Receive Image Server stdout: 2024-11-23 12:23:52 [user-service] [32minfo[39m: Receiving image data...

2024-11-23 12:23:52 [user-service] info: Receiving image data...
2024-11-23 12:23:52 [user-service] info: Receive Image Server stdout: 2024-11-23 12:23:52 [user-service] [32minfo[39m: Receiving image data...

2024-11-23 12:23:52 [user-service] info: Receiving image data...
2024-11-23 12:23:52 [user-service] info: Receive Image Server stdout: 2024-11-23 12:23:52 [user-service] [32minfo[39m: Receiving image data...

2024-11-23 12:23:52 [user-service] info: Receiving image data...
2024-11-23 12:23:52 [user-service] info: Receive Image Server stdout: 2024-11-23 12:23:52 [user-service] [32minfo[39m: Receiving image data...

2024-11-23 12:23:52 [user-service] info: Receiving image data...
2024-11-23 12:23:52 [user-service] info: Receive Image Server stdout: 2024-11-23 12:23:52 [user-service] [32minfo[39m: Receiving image data...

2024-11-23 12:23:52 [user-service] info: Receive Image Server stdout: 2024-11-23 12:23:52 [user-service] [32minfo[39m: Receiving image data...

2024-11-23 12:23:52 [user-service] info: Receiving image data...
2024-11-23 12:23:52 [user-service] info: Receiving image data...
2024-11-23 12:23:52 [user-service] info: Receive Image Server stdout: 2024-11-23 12:23:52 [user-service] [32minfo[39m: Receiving image data...

2024-11-23 12:23:52 [user-service] info: Receiving image data...
2024-11-23 12:23:52 [user-service] info: Receive Image Server stdout: 2024-11-23 12:23:52 [user-service] [32minfo[39m: Receiving image data...

2024-11-23 12:23:52 [user-service] info: Receiving image data...
2024-11-23 12:23:52 [user-service] info: Receive Image Server stdout: 2024-11-23 12:23:52 [user-service] [32minfo[39m: Receiving image data...

2024-11-23 12:23:52 [user-service] info: Receiving image data...
2024-11-23 12:23:52 [user-service] info: Receive Image Server stdout: 2024-11-23 12:23:52 [user-service] [32minfo[39m: Receiving image data...

2024-11-23 12:23:52 [user-service] info: Receiving image data...
2024-11-23 12:23:52 [user-service] info: Receive Image Server stdout: 2024-11-23 12:23:52 [user-service] [32minfo[39m: Receiving image data...

2024-11-23 12:23:52 [user-service] info: Receiving image data...
2024-11-23 12:23:52 [user-service] info: Receive Image Server stdout: 2024-11-23 12:23:52 [user-service] [32minfo[39m: Receiving image data...

2024-11-23 12:23:52 [user-service] info: Receiving image data...
2024-11-23 12:23:52 [user-service] info: Receive Image Server stdout: 2024-11-23 12:23:52 [user-service] [32minfo[39m: Receiving image data...

2024-11-23 12:23:52 [user-service] info: Receiving image data...
2024-11-23 12:23:52 [user-service] info: Receive Image Server stdout: 2024-11-23 12:23:52 [user-service] [32minfo[39m: Receiving image data...

2024-11-23 12:23:52 [user-service] info: Receive Image Server stdout: 2024-11-23 12:23:52 [user-service] [32minfo[39m: Receiving image data...

2024-11-23 12:23:52 [user-service] info: Receive Image Server stdout: 2024-11-23 12:23:52 [user-service] [32minfo[39m: Receiving image data...
2024-11-23 12:23:52 [user-service] [32minfo[39m: Receiving image data...

2024-11-23 12:23:52 [user-service] info: Receive Image Server stdout: 2024-11-23 12:23:52 [user-service] [32minfo[39m: Receiving image data...

2024-11-23 12:23:52 [user-service] info: Receiving image data...
2024-11-23 12:23:52 [user-service] info: Receiving image data...
2024-11-23 12:23:52 [user-service] info: Receiving image data...
2024-11-23 12:23:52 [user-service] info: Receiving image data...
2024-11-23 12:23:52 [user-service] info: Receiving image data...
2024-11-23 12:23:52 [user-service] info: Receive Image Server stdout: 2024-11-23 12:23:52 [user-service] [32minfo[39m: Receiving image data...

2024-11-23 12:23:52 [user-service] info: Receiving image data...
2024-11-23 12:23:52 [user-service] info: Receive Image Server stdout: 2024-11-23 12:23:52 [user-service] [32minfo[39m: Receiving image data...

2024-11-23 12:23:52 [user-service] info: Receive Image Server stdout: 2024-11-23 12:23:52 [user-service] [32minfo[39m: Receiving image data...

2024-11-23 12:23:52 [user-service] info: Receiving image data...
2024-11-23 12:23:52 [user-service] info: Receiving image data...
2024-11-23 12:23:52 [user-service] info: Receive Image Server stdout: 2024-11-23 12:23:52 [user-service] [32minfo[39m: Receiving image data...

2024-11-23 12:23:52 [user-service] info: Receiving image data...
2024-11-23 12:23:52 [user-service] info: Receive Image Server stdout: 2024-11-23 12:23:52 [user-service] [32minfo[39m: Receiving image data...

2024-11-23 12:23:52 [user-service] info: Receive Image Server stdout: 2024-11-23 12:23:52 [user-service] [32minfo[39m: Receiving image data...

2024-11-23 12:23:52 [user-service] info: Receive Image Server stdout: 2024-11-23 12:23:52 [user-service] [32minfo[39m: Image data received completely

2024-11-23 12:23:52 [user-service] info: Receiving image data...
2024-11-23 12:23:52 [user-service] info: Image data received completely
2024-11-23 12:23:52 [user-service] info: Image sender disconnected
2024-11-23 12:23:52 [user-service] info: Receive Image Server stdout: 2024-11-23 12:23:52 [user-service] [32minfo[39m: Image sender disconnected

2024-11-23 12:23:52 [user-service] info: Image saved to C:\Apps\LazyEnder\images\received_image_62468414-8b38-482e-96f7-70505e65f728.jpg (Binary)
2024-11-23 12:23:52 [user-service] info: Receive Image Server stdout: 2024-11-23 12:23:52 [user-service] [32minfo[39m: Image saved to C:\Apps\LazyEnder\images\received_image_62468414-8b38-482e-96f7-70505e65f728.jpg (Binary)

2024-11-23 12:24:23 [user-service] info: Closing servers...
2024-11-23 12:24:23 [user-service] info: Received SIGINT. Closing server...
2024-11-23 12:24:23 [user-service] info: Frontend disconnected.
2024-11-23 12:24:23 [user-service] info: Frontend disconnected.
2024-11-23 12:24:23 [user-service] info: Attempting to kill undefined (PID: 196)...
2024-11-23 12:24:23 [user-service] info: Backend Server stdout: 2024-11-23 12:24:23 [user-service] [32minfo[39m: Received SIGINT. Closing server...
2024-11-23 12:24:23 [user-service] [32minfo[39m: Frontend disconnected.
2024-11-23 12:24:23 [user-service] [32minfo[39m: Frontend disconnected.

2024-11-23 12:24:23 [user-service] info: Receive Image Server exited with code 3221225786
2024-11-23 12:24:23 [user-service] info: undefined successfully terminated.
2024-11-23 12:30:43 [user-service] info: Starting Backend Server...
2024-11-23 12:30:43 [user-service] info: Starting Receive Image Server...
2024-11-23 12:30:44 [user-service] info: Receive Image Server stdout: 2024-11-23 12:30:44 [user-service] [32minfo[39m: Image Receiver running on 25.39.138.224:5001

2024-11-23 12:30:44 [user-service] info: Image Receiver running on 25.39.138.224:5001
2024-11-23 12:30:44 [user-service] info: Backend Server stdout: 2024-11-23 12:30:44 [user-service] [31merror[39m: Error starting the server: listen EADDRINUSE: address already in use 25.39.138.224:5001

2024-11-23 12:30:44 [user-service] info: Backend Server stdout: 2024-11-23 12:30:44 [user-service] [32minfo[39m: Server running at http://localhost:3002

2024-11-23 12:30:44 [user-service] error: Error starting the server: listen EADDRINUSE: address already in use 25.39.138.224:5001
2024-11-23 12:30:44 [user-service] info: Server running at http://localhost:3002
2024-11-23 12:30:47 [user-service] info: Frontend connected.
2024-11-23 12:30:47 [user-service] info: Backend Server stdout: 2024-11-23 12:30:47 [user-service] [32minfo[39m: Frontend connected.

2024-11-23 12:30:47 [user-service] info: Frontend connected.
2024-11-23 12:30:47 [user-service] info: Backend Server stdout: 2024-11-23 12:30:47 [user-service] [32minfo[39m: Frontend connected.

2024-11-23 12:30:51 [user-service] info: Frontend disconnected.
2024-11-23 12:30:51 [user-service] info: Backend Server stdout: 2024-11-23 12:30:51 [user-service] [32minfo[39m: Frontend disconnected.

2024-11-23 12:30:51 [user-service] info: Frontend connected.
2024-11-23 12:30:51 [user-service] info: Backend Server stdout: 2024-11-23 12:30:51 [user-service] [32minfo[39m: Frontend connected.

2024-11-23 12:32:39 [user-service] info: Received SIGINT. Closing server...
2024-11-23 12:32:39 [user-service] info: Closing servers...
2024-11-23 12:32:39 [user-service] info: Frontend disconnected.
2024-11-23 12:32:39 [user-service] info: Frontend disconnected.
2024-11-23 12:32:39 [user-service] info: Attempting to kill undefined (PID: 22776)...
2024-11-23 12:32:39 [user-service] info: Backend Server stdout: 2024-11-23 12:32:39 [user-service] [32minfo[39m: Received SIGINT. Closing server...
2024-11-23 12:32:39 [user-service] [32minfo[39m: Frontend disconnected.
2024-11-23 12:32:39 [user-service] [32minfo[39m: Frontend disconnected.

2024-11-23 12:32:39 [user-service] info: Receive Image Server exited with code 3221225786
2024-11-23 12:32:39 [user-service] info: Server closed.
2024-11-23 12:32:39 [user-service] info: Backend Server stdout: 2024-11-23 12:32:39 [user-service] [32minfo[39m: Server closed.

2024-11-23 12:32:39 [user-service] info: Backend Server exited with code 0
2024-11-23 12:32:39 [user-service] error: Error stopping undefined: Command failed: taskkill /pid 22776 /T /F
ERROR: The process "22776" not found.

2024-11-23 12:33:44 [user-service] info: Starting Backend Server...
2024-11-23 12:33:44 [user-service] info: Starting Receive Image Server...
2024-11-23 12:33:44 [user-service] info: Receive Image Server stdout: 2024-11-23 12:33:44 [user-service] [32minfo[39m: Image Receiver running on 25.39.138.224:5001

2024-11-23 12:33:44 [user-service] info: Image Receiver running on 25.39.138.224:5001
2024-11-23 12:33:44 [user-service] info: Backend Server stdout: 2024-11-23 12:33:44 [user-service] [31merror[39m: Error starting the server: listen EADDRINUSE: address already in use 25.39.138.224:5001

2024-11-23 12:33:44 [user-service] info: Backend Server stdout: 2024-11-23 12:33:44 [user-service] [32minfo[39m: Server running at http://localhost:3002

2024-11-23 12:33:44 [user-service] error: Error starting the server: listen EADDRINUSE: address already in use 25.39.138.224:5001
2024-11-23 12:33:44 [user-service] info: Server running at http://localhost:3002
2024-11-23 12:33:45 [user-service] info: Frontend connected.
2024-11-23 12:33:45 [user-service] info: Backend Server stdout: 2024-11-23 12:33:45 [user-service] [32minfo[39m: Frontend connected.

2024-11-23 12:33:50 [user-service] info: Frontend connected.
2024-11-23 12:33:50 [user-service] info: Backend Server stdout: 2024-11-23 12:33:50 [user-service] [32minfo[39m: Frontend connected.

2024-11-23 12:34:11 [user-service] info: Closing servers...
2024-11-23 12:34:11 [user-service] info: Received SIGINT. Closing server...
2024-11-23 12:34:11 [user-service] info: Frontend disconnected.
2024-11-23 12:34:11 [user-service] info: Frontend disconnected.
2024-11-23 12:34:11 [user-service] info: Attempting to kill undefined (PID: 2756)...
2024-11-23 12:34:11 [user-service] info: Backend Server stdout: 2024-11-23 12:34:11 [user-service] [32minfo[39m: Received SIGINT. Closing server...
2024-11-23 12:34:11 [user-service] [32minfo[39m: Frontend disconnected.
2024-11-23 12:34:11 [user-service] [32minfo[39m: Frontend disconnected.

2024-11-23 12:34:11 [user-service] info: Receive Image Server exited with code 3221225786
2024-11-23 12:34:11 [user-service] info: undefined successfully terminated.
2024-11-23 12:34:13 [user-service] info: Starting Backend Server...
2024-11-23 12:34:13 [user-service] info: Starting Receive Image Server...
2024-11-23 12:34:13 [user-service] info: Receive Image Server stdout: 2024-11-23 12:34:13 [user-service] [32minfo[39m: Image Receiver running on 25.39.138.224:5001

2024-11-23 12:34:13 [user-service] info: Image Receiver running on 25.39.138.224:5001
2024-11-23 12:34:13 [user-service] info: Backend Server stdout: 2024-11-23 12:34:13 [user-service] [31merror[39m: Error starting the server: listen EADDRINUSE: address already in use 25.39.138.224:5001

2024-11-23 12:34:13 [user-service] info: Backend Server stdout: 2024-11-23 12:34:13 [user-service] [32minfo[39m: Server running at http://localhost:3001

2024-11-23 12:34:13 [user-service] error: Error starting the server: listen EADDRINUSE: address already in use 25.39.138.224:5001
2024-11-23 12:34:13 [user-service] info: Server running at http://localhost:3001
2024-11-23 12:36:02 [user-service] info: Closing servers...
2024-11-23 12:36:02 [user-service] info: Received SIGINT. Closing server...
2024-11-23 12:36:02 [user-service] info: Attempting to kill undefined (PID: 19888)...
2024-11-23 12:36:02 [user-service] info: Backend Server stdout: 2024-11-23 12:36:02 [user-service] [32minfo[39m: Received SIGINT. Closing server...
2024-11-23 12:36:02 [user-service] [32minfo[39m: Server closed.

2024-11-23 12:36:02 [user-service] info: Backend Server exited with code 0
2024-11-23 12:36:02 [user-service] info: Receive Image Server exited with code 3221225786
2024-11-23 12:36:02 [user-service] error: Error stopping undefined: Command failed: taskkill /pid 19888 /T /F
ERROR: The process "19888" not found.

2024-11-23 12:36:07 [user-service] info: Starting Backend Server...
2024-11-23 12:36:07 [user-service] info: Starting Receive Image Server...
2024-11-23 12:36:08 [user-service] info: Receive Image Server stdout: 2024-11-23 12:36:08 [user-service] [32minfo[39m: Image Receiver running on 25.39.138.224:5001

2024-11-23 12:36:08 [user-service] info: Image Receiver running on 25.39.138.224:5001
2024-11-23 12:36:08 [user-service] info: Backend Server stdout: 2024-11-23 12:36:08 [user-service] [31merror[39m: Error starting the server: listen EADDRINUSE: address already in use 25.39.138.224:5001

2024-11-23 12:36:08 [user-service] info: Backend Server stdout: 2024-11-23 12:36:08 [user-service] [32minfo[39m: Server running at http://localhost:3002

2024-11-23 12:36:08 [user-service] error: Error starting the server: listen EADDRINUSE: address already in use 25.39.138.224:5001
2024-11-23 12:36:08 [user-service] info: Server running at http://localhost:3002
2024-11-23 12:36:11 [user-service] info: Frontend connected.
2024-11-23 12:36:11 [user-service] info: Backend Server stdout: 2024-11-23 12:36:11 [user-service] [32minfo[39m: Frontend connected.

2024-11-23 12:36:13 [user-service] info: Frontend connected.
2024-11-23 12:36:13 [user-service] info: Backend Server stdout: 2024-11-23 12:36:13 [user-service] [32minfo[39m: Frontend connected.

2024-11-23 12:36:14 [user-service] info: Frontend disconnected.
2024-11-23 12:36:14 [user-service] info: Backend Server stdout: 2024-11-23 12:36:14 [user-service] [32minfo[39m: Frontend disconnected.

2024-11-23 12:36:14 [user-service] info: Frontend connected.
2024-11-23 12:36:14 [user-service] info: Backend Server stdout: 2024-11-23 12:36:14 [user-service] [32minfo[39m: Frontend connected.

2024-11-23 12:37:36 [user-service] info: Backend Server stdout: Connected to friend, sending prompt...

2024-11-23 12:37:36 [user-service] info: Backend Server stdout: Connection closed

2024-11-23 12:38:34 [user-service] info: Connected to image sender
2024-11-23 12:38:34 [user-service] info: Receive Image Server stdout: 2024-11-23 12:38:34 [user-service] [32minfo[39m: Connected to image sender

2024-11-23 12:38:34 [user-service] info: Receiving image data...
2024-11-23 12:38:34 [user-service] info: Receive Image Server stdout: 2024-11-23 12:38:34 [user-service] [32minfo[39m: Receiving image data...

2024-11-23 12:38:34 [user-service] info: Receive Image Server stdout: 2024-11-23 12:38:34 [user-service] [32minfo[39m: Receiving image data...

2024-11-23 12:38:34 [user-service] info: Receiving image data...
2024-11-23 12:38:34 [user-service] info: Receiving image data...
2024-11-23 12:38:34 [user-service] info: Receive Image Server stdout: 2024-11-23 12:38:34 [user-service] [32minfo[39m: Receiving image data...

2024-11-23 12:38:34 [user-service] info: Receiving image data...
2024-11-23 12:38:34 [user-service] info: Receive Image Server stdout: 2024-11-23 12:38:34 [user-service] [32minfo[39m: Receiving image data...

2024-11-23 12:38:34 [user-service] info: Receiving image data...
2024-11-23 12:38:34 [user-service] info: Receive Image Server stdout: 2024-11-23 12:38:34 [user-service] [32minfo[39m: Receiving image data...

2024-11-23 12:38:34 [user-service] info: Receiving image data...
2024-11-23 12:38:34 [user-service] info: Receive Image Server stdout: 2024-11-23 12:38:34 [user-service] [32minfo[39m: Receiving image data...

2024-11-23 12:38:34 [user-service] info: Receiving image data...
2024-11-23 12:38:34 [user-service] info: Receive Image Server stdout: 2024-11-23 12:38:34 [user-service] [32minfo[39m: Receiving image data...

2024-11-23 12:38:34 [user-service] info: Receiving image data...
2024-11-23 12:38:34 [user-service] info: Receive Image Server stdout: 2024-11-23 12:38:34 [user-service] [32minfo[39m: Receiving image data...

2024-11-23 12:38:34 [user-service] info: Receiving image data...
2024-11-23 12:38:34 [user-service] info: Receive Image Server stdout: 2024-11-23 12:38:34 [user-service] [32minfo[39m: Receiving image data...

2024-11-23 12:38:34 [user-service] info: Receiving image data...
2024-11-23 12:38:34 [user-service] info: Receive Image Server stdout: 2024-11-23 12:38:34 [user-service] [32minfo[39m: Receiving image data...

2024-11-23 12:38:34 [user-service] info: Receiving image data...
2024-11-23 12:38:34 [user-service] info: Receive Image Server stdout: 2024-11-23 12:38:34 [user-service] [32minfo[39m: Receiving image data...

2024-11-23 12:38:34 [user-service] info: Receiving image data...
2024-11-23 12:38:34 [user-service] info: Receive Image Server stdout: 2024-11-23 12:38:34 [user-service] [32minfo[39m: Receiving image data...

2024-11-23 12:38:34 [user-service] info: Receiving image data...
2024-11-23 12:38:34 [user-service] info: Receive Image Server stdout: 2024-11-23 12:38:34 [user-service] [32minfo[39m: Receiving image data...

2024-11-23 12:38:34 [user-service] info: Receiving image data...
2024-11-23 12:38:34 [user-service] info: Receive Image Server stdout: 2024-11-23 12:38:34 [user-service] [32minfo[39m: Receiving image data...

2024-11-23 12:38:34 [user-service] info: Receiving image data...
2024-11-23 12:38:34 [user-service] info: Receive Image Server stdout: 2024-11-23 12:38:34 [user-service] [32minfo[39m: Receiving image data...

2024-11-23 12:38:34 [user-service] info: Receiving image data...
2024-11-23 12:38:34 [user-service] info: Receive Image Server stdout: 2024-11-23 12:38:34 [user-service] [32minfo[39m: Receiving image data...

2024-11-23 12:38:34 [user-service] info: Receiving image data...
2024-11-23 12:38:34 [user-service] info: Receive Image Server stdout: 2024-11-23 12:38:34 [user-service] [32minfo[39m: Receiving image data...

2024-11-23 12:38:34 [user-service] info: Receiving image data...
2024-11-23 12:38:34 [user-service] info: Receive Image Server stdout: 2024-11-23 12:38:34 [user-service] [32minfo[39m: Receiving image data...

2024-11-23 12:38:34 [user-service] info: Receiving image data...
2024-11-23 12:38:34 [user-service] info: Receive Image Server stdout: 2024-11-23 12:38:34 [user-service] [32minfo[39m: Receiving image data...

2024-11-23 12:38:34 [user-service] info: Receiving image data...
2024-11-23 12:38:34 [user-service] info: Receive Image Server stdout: 2024-11-23 12:38:34 [user-service] [32minfo[39m: Receiving image data...

2024-11-23 12:38:34 [user-service] info: Receiving image data...
2024-11-23 12:38:34 [user-service] info: Receiving image data...
2024-11-23 12:38:34 [user-service] info: Receive Image Server stdout: 2024-11-23 12:38:34 [user-service] [32minfo[39m: Receiving image data...
2024-11-23 12:38:34 [user-service] [32minfo[39m: Receiving image data...

2024-11-23 12:38:34 [user-service] info: Receiving image data...
2024-11-23 12:38:34 [user-service] info: Receive Image Server stdout: 2024-11-23 12:38:34 [user-service] [32minfo[39m: Receiving image data...

2024-11-23 12:38:34 [user-service] info: Receiving image data...
2024-11-23 12:38:34 [user-service] info: Receive Image Server stdout: 2024-11-23 12:38:34 [user-service] [32minfo[39m: Receiving image data...

2024-11-23 12:38:34 [user-service] info: Receiving image data...
2024-11-23 12:38:34 [user-service] info: Receive Image Server stdout: 2024-11-23 12:38:34 [user-service] [32minfo[39m: Receiving image data...

2024-11-23 12:38:34 [user-service] info: Receiving image data...
2024-11-23 12:38:34 [user-service] info: Receive Image Server stdout: 2024-11-23 12:38:34 [user-service] [32minfo[39m: Receiving image data...

2024-11-23 12:38:34 [user-service] info: Receiving image data...
2024-11-23 12:38:34 [user-service] info: Receive Image Server stdout: 2024-11-23 12:38:34 [user-service] [32minfo[39m: Receiving image data...

2024-11-23 12:38:34 [user-service] info: Receiving image data...
2024-11-23 12:38:34 [user-service] info: Receive Image Server stdout: 2024-11-23 12:38:34 [user-service] [32minfo[39m: Receiving image data...

2024-11-23 12:38:34 [user-service] info: Receiving image data...
2024-11-23 12:38:34 [user-service] info: Receive Image Server stdout: 2024-11-23 12:38:34 [user-service] [32minfo[39m: Receiving image data...

2024-11-23 12:38:34 [user-service] info: Receiving image data...
2024-11-23 12:38:34 [user-service] info: Receiving image data...
2024-11-23 12:38:34 [user-service] info: Receive Image Server stdout: 2024-11-23 12:38:34 [user-service] [32minfo[39m: Receiving image data...
2024-11-23 12:38:34 [user-service] [32minfo[39m: Receiving image data...

2024-11-23 12:38:34 [user-service] info: Receiving image data...
2024-11-23 12:38:34 [user-service] info: Receive Image Server stdout: 2024-11-23 12:38:34 [user-service] [32minfo[39m: Receiving image data...

2024-11-23 12:38:34 [user-service] info: Receiving image data...
2024-11-23 12:38:34 [user-service] info: Receive Image Server stdout: 2024-11-23 12:38:34 [user-service] [32minfo[39m: Receiving image data...

2024-11-23 12:38:34 [user-service] info: Receiving image data...
2024-11-23 12:38:34 [user-service] info: Receive Image Server stdout: 2024-11-23 12:38:34 [user-service] [32minfo[39m: Receiving image data...

2024-11-23 12:38:34 [user-service] info: Receiving image data...
2024-11-23 12:38:34 [user-service] info: Receive Image Server stdout: 2024-11-23 12:38:34 [user-service] [32minfo[39m: Receiving image data...

2024-11-23 12:38:34 [user-service] info: Receiving image data...
2024-11-23 12:38:34 [user-service] info: Receive Image Server stdout: 2024-11-23 12:38:34 [user-service] [32minfo[39m: Receiving image data...

2024-11-23 12:38:34 [user-service] info: Receiving image data...
2024-11-23 12:38:34 [user-service] info: Receive Image Server stdout: 2024-11-23 12:38:34 [user-service] [32minfo[39m: Receiving image data...

2024-11-23 12:38:34 [user-service] info: Receiving image data...
2024-11-23 12:38:34 [user-service] info: Receive Image Server stdout: 2024-11-23 12:38:34 [user-service] [32minfo[39m: Receiving image data...

2024-11-23 12:38:34 [user-service] info: Receiving image data...
2024-11-23 12:38:34 [user-service] info: Receive Image Server stdout: 2024-11-23 12:38:34 [user-service] [32minfo[39m: Receiving image data...

2024-11-23 12:38:34 [user-service] info: Receiving image data...
2024-11-23 12:38:34 [user-service] info: Receive Image Server stdout: 2024-11-23 12:38:34 [user-service] [32minfo[39m: Receiving image data...

2024-11-23 12:38:34 [user-service] info: Receiving image data...
2024-11-23 12:38:34 [user-service] info: Receive Image Server stdout: 2024-11-23 12:38:34 [user-service] [32minfo[39m: Receiving image data...

2024-11-23 12:38:34 [user-service] info: Receiving image data...
2024-11-23 12:38:34 [user-service] info: Receive Image Server stdout: 2024-11-23 12:38:34 [user-service] [32minfo[39m: Receiving image data...

2024-11-23 12:38:34 [user-service] info: Receiving image data...
2024-11-23 12:38:34 [user-service] info: Receive Image Server stdout: 2024-11-23 12:38:34 [user-service] [32minfo[39m: Receiving image data...

2024-11-23 12:38:34 [user-service] info: Receiving image data...
2024-11-23 12:38:34 [user-service] info: Receive Image Server stdout: 2024-11-23 12:38:34 [user-service] [32minfo[39m: Receiving image data...

2024-11-23 12:38:34 [user-service] info: Receiving image data...
2024-11-23 12:38:34 [user-service] info: Receive Image Server stdout: 2024-11-23 12:38:34 [user-service] [32minfo[39m: Receiving image data...

2024-11-23 12:38:34 [user-service] info: Receiving image data...
2024-11-23 12:38:34 [user-service] info: Receive Image Server stdout: 2024-11-23 12:38:34 [user-service] [32minfo[39m: Receiving image data...

2024-11-23 12:38:34 [user-service] info: Receiving image data...
2024-11-23 12:38:34 [user-service] info: Receive Image Server stdout: 2024-11-23 12:38:34 [user-service] [32minfo[39m: Receiving image data...

2024-11-23 12:38:34 [user-service] info: Receiving image data...
2024-11-23 12:38:34 [user-service] info: Receive Image Server stdout: 2024-11-23 12:38:34 [user-service] [32minfo[39m: Receiving image data...

2024-11-23 12:38:34 [user-service] info: Receiving image data...
2024-11-23 12:38:34 [user-service] info: Receive Image Server stdout: 2024-11-23 12:38:34 [user-service] [32minfo[39m: Receiving image data...

2024-11-23 12:38:34 [user-service] info: Receiving image data...
2024-11-23 12:38:34 [user-service] info: Receive Image Server stdout: 2024-11-23 12:38:34 [user-service] [32minfo[39m: Receiving image data...

2024-11-23 12:38:34 [user-service] info: Receiving image data...
2024-11-23 12:38:34 [user-service] info: Receive Image Server stdout: 2024-11-23 12:38:34 [user-service] [32minfo[39m: Receiving image data...

2024-11-23 12:38:34 [user-service] info: Receiving image data...
2024-11-23 12:38:34 [user-service] info: Receive Image Server stdout: 2024-11-23 12:38:34 [user-service] [32minfo[39m: Receiving image data...

2024-11-23 12:38:34 [user-service] info: Receiving image data...
2024-11-23 12:38:34 [user-service] info: Receive Image Server stdout: 2024-11-23 12:38:34 [user-service] [32minfo[39m: Receiving image data...

2024-11-23 12:38:34 [user-service] info: Receiving image data...
2024-11-23 12:38:34 [user-service] info: Receive Image Server stdout: 2024-11-23 12:38:34 [user-service] [32minfo[39m: Receiving image data...

2024-11-23 12:38:34 [user-service] info: Receiving image data...
2024-11-23 12:38:34 [user-service] info: Receive Image Server stdout: 2024-11-23 12:38:34 [user-service] [32minfo[39m: Receiving image data...

2024-11-23 12:38:34 [user-service] info: Receiving image data...
2024-11-23 12:38:34 [user-service] info: Receive Image Server stdout: 2024-11-23 12:38:34 [user-service] [32minfo[39m: Receiving image data...

2024-11-23 12:38:34 [user-service] info: Receiving image data...
2024-11-23 12:38:34 [user-service] info: Receive Image Server stdout: 2024-11-23 12:38:34 [user-service] [32minfo[39m: Receiving image data...

2024-11-23 12:38:34 [user-service] info: Receiving image data...
2024-11-23 12:38:34 [user-service] info: Receive Image Server stdout: 2024-11-23 12:38:34 [user-service] [32minfo[39m: Receiving image data...

2024-11-23 12:38:34 [user-service] info: Receiving image data...
2024-11-23 12:38:34 [user-service] info: Receive Image Server stdout: 2024-11-23 12:38:34 [user-service] [32minfo[39m: Receiving image data...

2024-11-23 12:38:34 [user-service] info: Receiving image data...
2024-11-23 12:38:34 [user-service] info: Receive Image Server stdout: 2024-11-23 12:38:34 [user-service] [32minfo[39m: Receiving image data...

2024-11-23 12:38:34 [user-service] info: Receiving image data...
2024-11-23 12:38:34 [user-service] info: Receive Image Server stdout: 2024-11-23 12:38:34 [user-service] [32minfo[39m: Receiving image data...

2024-11-23 12:38:34 [user-service] info: Receiving image data...
2024-11-23 12:38:34 [user-service] info: Receive Image Server stdout: 2024-11-23 12:38:34 [user-service] [32minfo[39m: Receiving image data...

2024-11-23 12:38:34 [user-service] info: Receiving image data...
2024-11-23 12:38:34 [user-service] info: Receive Image Server stdout: 2024-11-23 12:38:34 [user-service] [32minfo[39m: Receiving image data...

2024-11-23 12:38:34 [user-service] info: Receiving image data...
2024-11-23 12:38:34 [user-service] info: Receiving image data...
2024-11-23 12:38:34 [user-service] info: Receive Image Server stdout: 2024-11-23 12:38:34 [user-service] [32minfo[39m: Receiving image data...

2024-11-23 12:38:34 [user-service] info: Receive Image Server stdout: 2024-11-23 12:38:34 [user-service] [32minfo[39m: Receiving image data...

2024-11-23 12:38:34 [user-service] info: Receiving image data...
2024-11-23 12:38:34 [user-service] info: Receive Image Server stdout: 2024-11-23 12:38:34 [user-service] [32minfo[39m: Receiving image data...

2024-11-23 12:38:34 [user-service] info: Receiving image data...
2024-11-23 12:38:34 [user-service] info: Receive Image Server stdout: 2024-11-23 12:38:34 [user-service] [32minfo[39m: Receiving image data...

2024-11-23 12:38:34 [user-service] info: Receiving image data...
2024-11-23 12:38:34 [user-service] info: Receiving image data...
2024-11-23 12:38:34 [user-service] info: Receive Image Server stdout: 2024-11-23 12:38:34 [user-service] [32minfo[39m: Receiving image data...

2024-11-23 12:38:34 [user-service] info: Receive Image Server stdout: 2024-11-23 12:38:34 [user-service] [32minfo[39m: Receiving image data...

2024-11-23 12:38:34 [user-service] info: Receiving image data...
2024-11-23 12:38:34 [user-service] info: Receive Image Server stdout: 2024-11-23 12:38:34 [user-service] [32minfo[39m: Receiving image data...

2024-11-23 12:38:34 [user-service] info: Receive Image Server stdout: 2024-11-23 12:38:34 [user-service] [32minfo[39m: Receiving image data...
2024-11-23 12:38:34 [user-service] [32minfo[39m: Receiving image data...

2024-11-23 12:38:34 [user-service] info: Receiving image data...
2024-11-23 12:38:34 [user-service] info: Receiving image data...
2024-11-23 12:38:34 [user-service] info: Receiving image data...
2024-11-23 12:38:34 [user-service] info: Receive Image Server stdout: 2024-11-23 12:38:34 [user-service] [32minfo[39m: Receiving image data...

2024-11-23 12:38:34 [user-service] info: Receiving image data...
2024-11-23 12:38:34 [user-service] info: Receive Image Server stdout: 2024-11-23 12:38:34 [user-service] [32minfo[39m: Receiving image data...

2024-11-23 12:38:34 [user-service] info: Receive Image Server stdout: 2024-11-23 12:38:34 [user-service] [32minfo[39m: Receiving image data...

2024-11-23 12:38:34 [user-service] info: Receiving image data...
2024-11-23 12:38:34 [user-service] info: Receiving image data...
2024-11-23 12:38:34 [user-service] info: Receive Image Server stdout: 2024-11-23 12:38:34 [user-service] [32minfo[39m: Receiving image data...

2024-11-23 12:38:34 [user-service] info: Receive Image Server stdout: 2024-11-23 12:38:34 [user-service] [32minfo[39m: Receiving image data...

2024-11-23 12:38:34 [user-service] info: Receiving image data...
2024-11-23 12:38:34 [user-service] info: Receiving image data...
2024-11-23 12:38:34 [user-service] info: Receive Image Server stdout: 2024-11-23 12:38:34 [user-service] [32minfo[39m: Receiving image data...

2024-11-23 12:38:34 [user-service] info: Receive Image Server stdout: 2024-11-23 12:38:34 [user-service] [32minfo[39m: Receiving image data...
2024-11-23 12:38:34 [user-service] [32minfo[39m: Receiving image data...

2024-11-23 12:38:34 [user-service] info: Receiving image data...
2024-11-23 12:38:34 [user-service] info: Receiving image data...
2024-11-23 12:38:34 [user-service] info: Receiving image data...
2024-11-23 12:38:34 [user-service] info: Receiving image data...
2024-11-23 12:38:34 [user-service] info: Receive Image Server stdout: 2024-11-23 12:38:34 [user-service] [32minfo[39m: Receiving image data...
2024-11-23 12:38:34 [user-service] [32minfo[39m: Receiving image data...

2024-11-23 12:38:34 [user-service] info: Receiving image data...
2024-11-23 12:38:34 [user-service] info: Receive Image Server stdout: 2024-11-23 12:38:34 [user-service] [32minfo[39m: Receiving image data...

2024-11-23 12:38:34 [user-service] info: Receiving image data...
2024-11-23 12:38:34 [user-service] info: Receive Image Server stdout: 2024-11-23 12:38:34 [user-service] [32minfo[39m: Receiving image data...

2024-11-23 12:38:34 [user-service] info: Receiving image data...
2024-11-23 12:38:34 [user-service] info: Receive Image Server stdout: 2024-11-23 12:38:34 [user-service] [32minfo[39m: Receiving image data...

2024-11-23 12:38:34 [user-service] info: Receiving image data...
2024-11-23 12:38:34 [user-service] info: Receive Image Server stdout: 2024-11-23 12:38:34 [user-service] [32minfo[39m: Receiving image data...

2024-11-23 12:38:34 [user-service] info: Receiving image data...
2024-11-23 12:38:34 [user-service] info: Receive Image Server stdout: 2024-11-23 12:38:34 [user-service] [32minfo[39m: Receiving image data...

2024-11-23 12:38:34 [user-service] info: Receiving image data...
2024-11-23 12:38:34 [user-service] info: Receive Image Server stdout: 2024-11-23 12:38:34 [user-service] [32minfo[39m: Receiving image data...

2024-11-23 12:38:34 [user-service] info: Receiving image data...
2024-11-23 12:38:34 [user-service] info: Receive Image Server stdout: 2024-11-23 12:38:34 [user-service] [32minfo[39m: Receiving image data...

2024-11-23 12:38:34 [user-service] info: Receiving image data...
2024-11-23 12:38:34 [user-service] info: Receive Image Server stdout: 2024-11-23 12:38:34 [user-service] [32minfo[39m: Receiving image data...

2024-11-23 12:38:34 [user-service] info: Receiving image data...
2024-11-23 12:38:34 [user-service] info: Receive Image Server stdout: 2024-11-23 12:38:34 [user-service] [32minfo[39m: Receiving image data...

2024-11-23 12:38:34 [user-service] info: Receiving image data...
2024-11-23 12:38:34 [user-service] info: Receive Image Server stdout: 2024-11-23 12:38:34 [user-service] [32minfo[39m: Receiving image data...

2024-11-23 12:38:34 [user-service] info: Receive Image Server stdout: 2024-11-23 12:38:34 [user-service] [32minfo[39m: Receiving image data...

2024-11-23 12:38:34 [user-service] info: Receiving image data...
2024-11-23 12:38:34 [user-service] info: Receiving image data...
2024-11-23 12:38:34 [user-service] info: Receive Image Server stdout: 2024-11-23 12:38:34 [user-service] [32minfo[39m: Receiving image data...

2024-11-23 12:38:34 [user-service] info: Receiving image data...
2024-11-23 12:38:34 [user-service] info: Receive Image Server stdout: 2024-11-23 12:38:34 [user-service] [32minfo[39m: Receiving image data...

2024-11-23 12:38:34 [user-service] info: Receiving image data...
2024-11-23 12:38:34 [user-service] info: Receive Image Server stdout: 2024-11-23 12:38:34 [user-service] [32minfo[39m: Receiving image data...

2024-11-23 12:38:34 [user-service] info: Receiving image data...
2024-11-23 12:38:34 [user-service] info: Receive Image Server stdout: 2024-11-23 12:38:34 [user-service] [32minfo[39m: Receiving image data...

2024-11-23 12:38:34 [user-service] info: Receiving image data...
2024-11-23 12:38:34 [user-service] info: Receive Image Server stdout: 2024-11-23 12:38:34 [user-service] [32minfo[39m: Receiving image data...

2024-11-23 12:38:34 [user-service] info: Receiving image data...
2024-11-23 12:38:34 [user-service] info: Receive Image Server stdout: 2024-11-23 12:38:34 [user-service] [32minfo[39m: Receiving image data...

2024-11-23 12:38:34 [user-service] info: Receive Image Server stdout: 2024-11-23 12:38:34 [user-service] [32minfo[39m: Receiving image data...

2024-11-23 12:38:34 [user-service] info: Receive Image Server stdout: 2024-11-23 12:38:34 [user-service] [32minfo[39m: Receiving image data...

2024-11-23 12:38:34 [user-service] info: Receiving image data...
2024-11-23 12:38:34 [user-service] info: Receiving image data...
2024-11-23 12:38:34 [user-service] info: Receiving image data...
2024-11-23 12:38:34 [user-service] info: Receive Image Server stdout: 2024-11-23 12:38:34 [user-service] [32minfo[39m: Receiving image data...

2024-11-23 12:38:35 [user-service] info: Receiving image data...
2024-11-23 12:38:35 [user-service] info: Receive Image Server stdout: 2024-11-23 12:38:35 [user-service] [32minfo[39m: Receiving image data...

2024-11-23 12:38:35 [user-service] info: Receiving image data...
2024-11-23 12:38:35 [user-service] info: Receive Image Server stdout: 2024-11-23 12:38:35 [user-service] [32minfo[39m: Receiving image data...

2024-11-23 12:38:35 [user-service] info: Receive Image Server stdout: 2024-11-23 12:38:35 [user-service] [32minfo[39m: Receiving image data...

2024-11-23 12:38:35 [user-service] info: Receive Image Server stdout: 2024-11-23 12:38:35 [user-service] [32minfo[39m: Image data received completely.

2024-11-23 12:38:35 [user-service] info: Receiving image data...
2024-11-23 12:38:35 [user-service] info: Image data received completely.
2024-11-23 12:38:35 [user-service] info: Image sender disconnected
2024-11-23 12:38:35 [user-service] info: Receive Image Server stdout: 2024-11-23 12:38:35 [user-service] [32minfo[39m: Image sender disconnected

2024-11-23 12:38:35 [user-service] info: Image saved to C:\Apps\LazyEnder\images\received_image_1095880b-fcd6-4866-9116-0a8182502e3f.jpg (Binary)
2024-11-23 12:38:35 [user-service] info: Receive Image Server stdout: 2024-11-23 12:38:35 [user-service] [32minfo[39m: Image saved to C:\Apps\LazyEnder\images\received_image_1095880b-fcd6-4866-9116-0a8182502e3f.jpg (Binary)

2024-11-23 12:39:50 [user-service] info: Closing servers...
2024-11-23 12:39:50 [user-service] info: Received SIGINT. Closing server...
2024-11-23 12:39:50 [user-service] info: Frontend disconnected.
2024-11-23 12:39:50 [user-service] info: Frontend disconnected.
2024-11-23 12:39:50 [user-service] info: Attempting to kill undefined (PID: 2872)...
2024-11-23 12:39:50 [user-service] info: Backend Server stdout: 2024-11-23 12:39:50 [user-service] [32minfo[39m: Received SIGINT. Closing server...
2024-11-23 12:39:50 [user-service] [32minfo[39m: Frontend disconnected.
2024-11-23 12:39:50 [user-service] [32minfo[39m: Frontend disconnected.

2024-11-23 12:39:50 [user-service] info: Receive Image Server exited with code 3221225786
2024-11-23 12:39:50 [user-service] info: undefined successfully terminated.
